filters.FilterLog 06-12-2015 22:35:34  INFO  - user ip= 0:0:0:0:0:0:0:1 requested resource /Febos2/ListOfProducts.jsp from null
filters.FilterLog 06-12-2015 22:35:44  INFO  - user ip= 0:0:0:0:0:0:0:1 requested resource /Febos2/style/main.css from /Febos2/ListOfProducts.jsp
filters.FilterLog 06-12-2015 22:35:44  INFO  - user ip= 0:0:0:0:0:0:0:1 requested resource /Febos2/js/main.js from /Febos2/ListOfProducts.jsp
filters.FilterLog 06-12-2015 22:35:44  INFO  - user ip= 0:0:0:0:0:0:0:1 requested resource /Febos2/style/fonts/franklin-gothic-demi-cond.ttf from /Febos2/ListOfProducts.jsp
filters.FilterLog 06-12-2015 22:35:44  INFO  - user ip= 0:0:0:0:0:0:0:1 requested resource /Febos2/style/hat.css from /Febos2/ListOfProducts.jsp
filters.FilterLog 06-12-2015 22:35:45  INFO  - user ip= 0:0:0:0:0:0:0:1 requested resource /Febos2/masonry.js from /Febos2/ListOfProducts.jsp
filters.FilterLog 06-12-2015 22:35:45  INFO  - user ip= 0:0:0:0:0:0:0:1 requested resource /Febos2/masonry.js from /Febos2/ListOfProducts.jsp
filters.FilterLog 06-12-2015 22:35:45  INFO  - user ip= 0:0:0:0:0:0:0:1 requested resource /Febos2/masonry.js from /Febos2/ListOfProducts.jsp
filters.FilterLog 06-12-2015 22:35:45  INFO  - user ip= 0:0:0:0:0:0:0:1 requested resource /Febos2/masonry.js from /Febos2/ListOfProducts.jsp
filters.FilterLog 06-12-2015 22:35:45  INFO  - user ip= 0:0:0:0:0:0:0:1 requested resource /Febos2/masonry.js from /Febos2/ListOfProducts.jsp
filters.FilterLog 06-12-2015 22:35:45  INFO  - user ip= 0:0:0:0:0:0:0:1 requested resource /Febos2/masonry.js from /Febos2/ListOfProducts.jsp
filters.FilterLog 06-12-2015 22:35:45  INFO  - user ip= 0:0:0:0:0:0:0:1 requested resource /Febos2/masonry.js from /Febos2/ListOfProducts.jsp
filters.FilterLog 06-12-2015 22:35:45  INFO  - user ip= 0:0:0:0:0:0:0:1 requested resource /Febos2/masonry.js from /Febos2/ListOfProducts.jsp
filters.FilterLog 06-12-2015 22:35:50  INFO  - user ip= 0:0:0:0:0:0:0:1 requested resource /Febos2/Product.jsp from /Febos2/ListOfProducts.jsp?lang=ru&id=7
filters.FilterLog 06-12-2015 22:35:52  INFO  - user ip= 0:0:0:0:0:0:0:1 requested resource /Febos2/style/img/point.gif from Product.jsp
filters.FilterLog 06-12-2015 22:36:27  INFO  - user ip= 0:0:0:0:0:0:0:1 requested resource /Febos2/ListOfProducts.jsp from Product.jsp
filters.FilterLog 06-12-2015 22:36:27  INFO  - user ip= 0:0:0:0:0:0:0:1 requested resource /Febos2/style/main.css from /Febos2/ListOfProducts.jsp
filters.FilterLog 06-12-2015 22:36:27  INFO  - user ip= 0:0:0:0:0:0:0:1 requested resource /Febos2/style/hat.css from /Febos2/ListOfProducts.jsp
filters.FilterLog 06-12-2015 22:36:27  INFO  - user ip= 0:0:0:0:0:0:0:1 requested resource /Febos2/js/main.js from /Febos2/ListOfProducts.jsp
filters.FilterLog 06-12-2015 22:36:27  INFO  - user ip= 0:0:0:0:0:0:0:1 requested resource /Febos2/js/masonry.js from /Febos2/ListOfProducts.jsp
filters.FilterLog 06-12-2015 22:36:27  INFO  - user ip= 0:0:0:0:0:0:0:1 requested resource /Febos2/style/fonts/franklin-gothic-demi-cond.ttf from /Febos2/ListOfProducts.jsp
filters.FilterLog 06-12-2015 22:36:27  INFO  - user ip= 0:0:0:0:0:0:0:1 requested resource /Febos2/js/auth.js from /Febos2/ListOfProducts.jsp
filters.FilterLog 06-12-2015 22:36:27  INFO  - user ip= 0:0:0:0:0:0:0:1 requested resource /Febos2/masonry.js from /Febos2/ListOfProducts.jsp
filters.FilterLog 06-12-2015 22:36:27  INFO  - user ip= 0:0:0:0:0:0:0:1 requested resource /Febos2/style/fonts/franklin-gothic-demi-cond.ttf from /Febos2/ListOfProducts.jsp
filters.FilterLog 06-12-2015 22:36:27  INFO  - user ip= 0:0:0:0:0:0:0:1 requested resource /Febos2/masonry.js from /Febos2/ListOfProducts.jsp
filters.FilterLog 06-12-2015 22:36:27  INFO  - user ip= 0:0:0:0:0:0:0:1 requested resource /Febos2/masonry.js from /Febos2/ListOfProducts.jsp
filters.FilterLog 06-12-2015 22:36:27  INFO  - user ip= 0:0:0:0:0:0:0:1 requested resource /Febos2/masonry.js from /Febos2/ListOfProducts.jsp
filters.FilterLog 06-12-2015 22:36:28  INFO  - user ip= 0:0:0:0:0:0:0:1 requested resource /Febos2/masonry.js from /Febos2/ListOfProducts.jsp
filters.FilterLog 06-12-2015 22:36:28  INFO  - user ip= 0:0:0:0:0:0:0:1 requested resource /Febos2/masonry.js from /Febos2/ListOfProducts.jsp
filters.FilterLog 06-12-2015 22:36:28  INFO  - user ip= 0:0:0:0:0:0:0:1 requested resource /Febos2/masonry.js from /Febos2/ListOfProducts.jsp
filters.FilterLog 06-12-2015 22:36:28  INFO  - user ip= 0:0:0:0:0:0:0:1 requested resource /Febos2/masonry.js from /Febos2/ListOfProducts.jsp
filters.FilterLog 06-12-2015 22:37:27  INFO  - user ip= 0:0:0:0:0:0:0:1 requested resource /Febos2/ListOfProducts.jsp from /Febos2/ListOfProducts.jsp
filters.FilterLog 06-12-2015 22:37:27  INFO  - user ip= 0:0:0:0:0:0:0:1 requested resource /Febos2/style/main.css from /Febos2/ListOfProducts.jsp
filters.FilterLog 06-12-2015 22:37:27  INFO  - user ip= 0:0:0:0:0:0:0:1 requested resource /Febos2/style/hat.css from /Febos2/ListOfProducts.jsp
filters.FilterLog 06-12-2015 22:37:27  INFO  - user ip= 0:0:0:0:0:0:0:1 requested resource /Febos2/js/masonry.js from /Febos2/ListOfProducts.jsp
filters.FilterLog 06-12-2015 22:37:27  INFO  - user ip= 0:0:0:0:0:0:0:1 requested resource /Febos2/js/auth.js from /Febos2/ListOfProducts.jsp
filters.FilterLog 06-12-2015 22:37:27  INFO  - user ip= 0:0:0:0:0:0:0:1 requested resource /Febos2/js/main.js from /Febos2/ListOfProducts.jsp
filters.FilterLog 06-12-2015 22:37:27  INFO  - user ip= 0:0:0:0:0:0:0:1 requested resource /Febos2/style/fonts/franklin-gothic-demi-cond.ttf from /Febos2/ListOfProducts.jsp
filters.FilterLog 06-12-2015 22:37:27  INFO  - user ip= 0:0:0:0:0:0:0:1 requested resource /Febos2/masonry.js from /Febos2/ListOfProducts.jsp
filters.FilterLog 06-12-2015 22:37:27  INFO  - user ip= 0:0:0:0:0:0:0:1 requested resource /Febos2/masonry.js from /Febos2/ListOfProducts.jsp
filters.FilterLog 06-12-2015 22:37:27  INFO  - user ip= 0:0:0:0:0:0:0:1 requested resource /Febos2/masonry.js from /Febos2/ListOfProducts.jsp
filters.FilterLog 06-12-2015 22:37:27  INFO  - user ip= 0:0:0:0:0:0:0:1 requested resource /Febos2/masonry.js from /Febos2/ListOfProducts.jsp
filters.FilterLog 06-12-2015 22:37:27  INFO  - user ip= 0:0:0:0:0:0:0:1 requested resource /Febos2/masonry.js from /Febos2/ListOfProducts.jsp
filters.FilterLog 06-12-2015 22:37:27  INFO  - user ip= 0:0:0:0:0:0:0:1 requested resource /Febos2/masonry.js from /Febos2/ListOfProducts.jsp
filters.FilterLog 06-12-2015 22:37:27  INFO  - user ip= 0:0:0:0:0:0:0:1 requested resource /Febos2/masonry.js from /Febos2/ListOfProducts.jsp
filters.FilterLog 06-12-2015 22:37:27  INFO  - user ip= 0:0:0:0:0:0:0:1 requested resource /Febos2/masonry.js from /Febos2/ListOfProducts.jsp
filters.FilterLog 06-12-2015 22:37:31  INFO  - user ip= 0:0:0:0:0:0:0:1 requested resource /Febos2/ListOfProducts.jsp from /Febos2/ListOfProducts.jsp
filters.FilterLog 06-12-2015 22:37:32  INFO  - user ip= 0:0:0:0:0:0:0:1 requested resource /Febos2/style/main.css from /Febos2/ListOfProducts.jsp
filters.FilterLog 06-12-2015 22:37:32  INFO  - user ip= 0:0:0:0:0:0:0:1 requested resource /Febos2/js/main.js from /Febos2/ListOfProducts.jsp
filters.FilterLog 06-12-2015 22:37:32  INFO  - user ip= 0:0:0:0:0:0:0:1 requested resource /Febos2/js/masonry.js from /Febos2/ListOfProducts.jsp
filters.FilterLog 06-12-2015 22:37:32  INFO  - user ip= 0:0:0:0:0:0:0:1 requested resource /Febos2/style/fonts/franklin-gothic-demi-cond.ttf from /Febos2/ListOfProducts.jsp
filters.FilterLog 06-12-2015 22:37:32  INFO  - user ip= 0:0:0:0:0:0:0:1 requested resource /Febos2/style/hat.css from /Febos2/ListOfProducts.jsp
filters.FilterLog 06-12-2015 22:37:32  INFO  - user ip= 0:0:0:0:0:0:0:1 requested resource /Febos2/js/auth.js from /Febos2/ListOfProducts.jsp
filters.FilterLog 06-12-2015 22:37:32  INFO  - user ip= 0:0:0:0:0:0:0:1 requested resource /Febos2/masonry.js from /Febos2/ListOfProducts.jsp
filters.FilterLog 06-12-2015 22:37:32  INFO  - user ip= 0:0:0:0:0:0:0:1 requested resource /Febos2/style/fonts/franklin-gothic-demi-cond.ttf from /Febos2/ListOfProducts.jsp
filters.FilterLog 06-12-2015 22:37:32  INFO  - user ip= 0:0:0:0:0:0:0:1 requested resource /Febos2/masonry.js from /Febos2/ListOfProducts.jsp
filters.FilterLog 06-12-2015 22:37:32  INFO  - user ip= 0:0:0:0:0:0:0:1 requested resource /Febos2/masonry.js from /Febos2/ListOfProducts.jsp
filters.FilterLog 06-12-2015 22:37:32  INFO  - user ip= 0:0:0:0:0:0:0:1 requested resource /Febos2/masonry.js from /Febos2/ListOfProducts.jsp
filters.FilterLog 06-12-2015 22:37:32  INFO  - user ip= 0:0:0:0:0:0:0:1 requested resource /Febos2/masonry.js from /Febos2/ListOfProducts.jsp
filters.FilterLog 06-12-2015 22:37:32  INFO  - user ip= 0:0:0:0:0:0:0:1 requested resource /Febos2/masonry.js from /Febos2/ListOfProducts.jsp
filters.FilterLog 06-12-2015 22:37:32  INFO  - user ip= 0:0:0:0:0:0:0:1 requested resource /Febos2/masonry.js from /Febos2/ListOfProducts.jsp
filters.FilterLog 06-12-2015 22:37:32  INFO  - user ip= 0:0:0:0:0:0:0:1 requested resource /Febos2/masonry.js from /Febos2/ListOfProducts.jsp
filters.FilterLog 06-12-2015 22:38:03  INFO  - user ip= 0:0:0:0:0:0:0:1 requested resource /Febos2/ListOfProducts.jsp from /Febos2/ListOfProducts.jsp
filters.FilterLog 06-12-2015 22:38:03  INFO  - user ip= 0:0:0:0:0:0:0:1 requested resource /Febos2/style/main.css from /Febos2/ListOfProducts.jsp
filters.FilterLog 06-12-2015 22:38:03  INFO  - user ip= 0:0:0:0:0:0:0:1 requested resource /Febos2/style/hat.css from /Febos2/ListOfProducts.jsp
filters.FilterLog 06-12-2015 22:38:03  INFO  - user ip= 0:0:0:0:0:0:0:1 requested resource /Febos2/js/masonry.js from /Febos2/ListOfProducts.jsp
filters.FilterLog 06-12-2015 22:38:03  INFO  - user ip= 0:0:0:0:0:0:0:1 requested resource /Febos2/js/main.js from /Febos2/ListOfProducts.jsp
filters.FilterLog 06-12-2015 22:38:03  INFO  - user ip= 0:0:0:0:0:0:0:1 requested resource /Febos2/style/fonts/franklin-gothic-demi-cond.ttf from /Febos2/ListOfProducts.jsp
filters.FilterLog 06-12-2015 22:38:03  INFO  - user ip= 0:0:0:0:0:0:0:1 requested resource /Febos2/js/auth.js from /Febos2/ListOfProducts.jsp
filters.FilterLog 06-12-2015 22:38:03  INFO  - user ip= 0:0:0:0:0:0:0:1 requested resource /Febos2/masonry.js from /Febos2/ListOfProducts.jsp
filters.FilterLog 06-12-2015 22:38:03  INFO  - user ip= 0:0:0:0:0:0:0:1 requested resource /Febos2/style/fonts/franklin-gothic-demi-cond.ttf from /Febos2/ListOfProducts.jsp
filters.FilterLog 06-12-2015 22:38:03  INFO  - user ip= 0:0:0:0:0:0:0:1 requested resource /Febos2/masonry.js from /Febos2/ListOfProducts.jsp
filters.FilterLog 06-12-2015 22:38:03  INFO  - user ip= 0:0:0:0:0:0:0:1 requested resource /Febos2/masonry.js from /Febos2/ListOfProducts.jsp
filters.FilterLog 06-12-2015 22:38:03  INFO  - user ip= 0:0:0:0:0:0:0:1 requested resource /Febos2/masonry.js from /Febos2/ListOfProducts.jsp
filters.FilterLog 06-12-2015 22:38:03  INFO  - user ip= 0:0:0:0:0:0:0:1 requested resource /Febos2/masonry.js from /Febos2/ListOfProducts.jsp
filters.FilterLog 06-12-2015 22:38:03  INFO  - user ip= 0:0:0:0:0:0:0:1 requested resource /Febos2/masonry.js from /Febos2/ListOfProducts.jsp
filters.FilterLog 06-12-2015 22:38:03  INFO  - user ip= 0:0:0:0:0:0:0:1 requested resource /Febos2/masonry.js from /Febos2/ListOfProducts.jsp
filters.FilterLog 06-12-2015 22:38:03  INFO  - user ip= 0:0:0:0:0:0:0:1 requested resource /Febos2/masonry.js from /Febos2/ListOfProducts.jsp
filters.FilterLog 06-12-2015 22:39:26  INFO  - user ip= 0:0:0:0:0:0:0:1 requested resource /Febos2/ListOfProducts.jsp from /Febos2/ListOfProducts.jsp
filters.FilterLog 06-12-2015 22:39:26  INFO  - user ip= 0:0:0:0:0:0:0:1 requested resource /Febos2/style/main.css from /Febos2/ListOfProducts.jsp
filters.FilterLog 06-12-2015 22:39:26  INFO  - user ip= 0:0:0:0:0:0:0:1 requested resource /Febos2/js/masonry.js from /Febos2/ListOfProducts.jsp
filters.FilterLog 06-12-2015 22:39:26  INFO  - user ip= 0:0:0:0:0:0:0:1 requested resource /Febos2/js/main.js from /Febos2/ListOfProducts.jsp
filters.FilterLog 06-12-2015 22:39:26  INFO  - user ip= 0:0:0:0:0:0:0:1 requested resource /Febos2/js/auth.js from /Febos2/ListOfProducts.jsp
filters.FilterLog 06-12-2015 22:39:26  INFO  - user ip= 0:0:0:0:0:0:0:1 requested resource /Febos2/style/hat.css from /Febos2/ListOfProducts.jsp
filters.FilterLog 06-12-2015 22:39:26  INFO  - user ip= 0:0:0:0:0:0:0:1 requested resource /Febos2/style/fonts/franklin-gothic-demi-cond.ttf from /Febos2/ListOfProducts.jsp
filters.FilterLog 06-12-2015 22:39:26  INFO  - user ip= 0:0:0:0:0:0:0:1 requested resource /Febos2/masonry.js from /Febos2/ListOfProducts.jsp
filters.FilterLog 06-12-2015 22:39:27  INFO  - user ip= 0:0:0:0:0:0:0:1 requested resource /Febos2/style/fonts/franklin-gothic-demi-cond.ttf from /Febos2/ListOfProducts.jsp
filters.FilterLog 06-12-2015 22:39:27  INFO  - user ip= 0:0:0:0:0:0:0:1 requested resource /Febos2/masonry.js from /Febos2/ListOfProducts.jsp
filters.FilterLog 06-12-2015 22:39:27  INFO  - user ip= 0:0:0:0:0:0:0:1 requested resource /Febos2/masonry.js from /Febos2/ListOfProducts.jsp
filters.FilterLog 06-12-2015 22:39:27  INFO  - user ip= 0:0:0:0:0:0:0:1 requested resource /Febos2/masonry.js from /Febos2/ListOfProducts.jsp
filters.FilterLog 06-12-2015 22:39:27  INFO  - user ip= 0:0:0:0:0:0:0:1 requested resource /Febos2/masonry.js from /Febos2/ListOfProducts.jsp
filters.FilterLog 06-12-2015 22:39:27  INFO  - user ip= 0:0:0:0:0:0:0:1 requested resource /Febos2/masonry.js from /Febos2/ListOfProducts.jsp
filters.FilterLog 06-12-2015 22:39:27  INFO  - user ip= 0:0:0:0:0:0:0:1 requested resource /Febos2/masonry.js from /Febos2/ListOfProducts.jsp
filters.FilterLog 06-12-2015 22:39:27  INFO  - user ip= 0:0:0:0:0:0:0:1 requested resource /Febos2/masonry.js from /Febos2/ListOfProducts.jsp
filters.FilterLog 06-12-2015 22:39:34  INFO  - user ip= 0:0:0:0:0:0:0:1 requested resource /Febos2/ListOfProducts.jsp from /Febos2/ListOfProducts.jsp
filters.FilterLog 06-12-2015 22:39:35  INFO  - user ip= 0:0:0:0:0:0:0:1 requested resource /Febos2/style/main.css from /Febos2/ListOfProducts.jsp
filters.FilterLog 06-12-2015 22:39:35  INFO  - user ip= 0:0:0:0:0:0:0:1 requested resource /Febos2/js/main.js from /Febos2/ListOfProducts.jsp
filters.FilterLog 06-12-2015 22:39:35  INFO  - user ip= 0:0:0:0:0:0:0:1 requested resource /Febos2/js/masonry.js from /Febos2/ListOfProducts.jsp
filters.FilterLog 06-12-2015 22:39:35  INFO  - user ip= 0:0:0:0:0:0:0:1 requested resource /Febos2/style/fonts/franklin-gothic-demi-cond.ttf from /Febos2/ListOfProducts.jsp
filters.FilterLog 06-12-2015 22:39:35  INFO  - user ip= 0:0:0:0:0:0:0:1 requested resource /Febos2/js/auth.js from /Febos2/ListOfProducts.jsp
filters.FilterLog 06-12-2015 22:39:35  INFO  - user ip= 0:0:0:0:0:0:0:1 requested resource /Febos2/style/hat.css from /Febos2/ListOfProducts.jsp
filters.FilterLog 06-12-2015 22:39:35  INFO  - user ip= 0:0:0:0:0:0:0:1 requested resource /Febos2/masonry.js from /Febos2/ListOfProducts.jsp
filters.FilterLog 06-12-2015 22:39:35  INFO  - user ip= 0:0:0:0:0:0:0:1 requested resource /Febos2/masonry.js from /Febos2/ListOfProducts.jsp
filters.FilterLog 06-12-2015 22:39:35  INFO  - user ip= 0:0:0:0:0:0:0:1 requested resource /Febos2/masonry.js from /Febos2/ListOfProducts.jsp
filters.FilterLog 06-12-2015 22:39:35  INFO  - user ip= 0:0:0:0:0:0:0:1 requested resource /Febos2/masonry.js from /Febos2/ListOfProducts.jsp
filters.FilterLog 06-12-2015 22:39:35  INFO  - user ip= 0:0:0:0:0:0:0:1 requested resource /Febos2/masonry.js from /Febos2/ListOfProducts.jsp
filters.FilterLog 06-12-2015 22:39:35  INFO  - user ip= 0:0:0:0:0:0:0:1 requested resource /Febos2/masonry.js from /Febos2/ListOfProducts.jsp
filters.FilterLog 06-12-2015 22:39:35  INFO  - user ip= 0:0:0:0:0:0:0:1 requested resource /Febos2/masonry.js from /Febos2/ListOfProducts.jsp
filters.FilterLog 06-12-2015 22:39:35  INFO  - user ip= 0:0:0:0:0:0:0:1 requested resource /Febos2/masonry.js from /Febos2/ListOfProducts.jsp
filters.FilterLog 06-12-2015 22:39:37  INFO  - user ip= 0:0:0:0:0:0:0:1 requested resource /Febos2/ListOfProducts.jsp from /Febos2/ListOfProducts.jsp
filters.FilterLog 06-12-2015 22:39:37  INFO  - user ip= 0:0:0:0:0:0:0:1 requested resource /Febos2/style/main.css from /Febos2/ListOfProducts.jsp
filters.FilterLog 06-12-2015 22:39:37  INFO  - user ip= 0:0:0:0:0:0:0:1 requested resource /Febos2/js/main.js from /Febos2/ListOfProducts.jsp
filters.FilterLog 06-12-2015 22:39:37  INFO  - user ip= 0:0:0:0:0:0:0:1 requested resource /Febos2/style/fonts/franklin-gothic-demi-cond.ttf from /Febos2/ListOfProducts.jsp
filters.FilterLog 06-12-2015 22:39:37  INFO  - user ip= 0:0:0:0:0:0:0:1 requested resource /Febos2/js/masonry.js from /Febos2/ListOfProducts.jsp
filters.FilterLog 06-12-2015 22:39:37  INFO  - user ip= 0:0:0:0:0:0:0:1 requested resource /Febos2/style/hat.css from /Febos2/ListOfProducts.jsp
filters.FilterLog 06-12-2015 22:39:37  INFO  - user ip= 0:0:0:0:0:0:0:1 requested resource /Febos2/js/auth.js from /Febos2/ListOfProducts.jsp
filters.FilterLog 06-12-2015 22:39:37  INFO  - user ip= 0:0:0:0:0:0:0:1 requested resource /Febos2/masonry.js from /Febos2/ListOfProducts.jsp
filters.FilterLog 06-12-2015 22:39:37  INFO  - user ip= 0:0:0:0:0:0:0:1 requested resource /Febos2/style/fonts/franklin-gothic-demi-cond.ttf from /Febos2/ListOfProducts.jsp
filters.FilterLog 06-12-2015 22:39:37  INFO  - user ip= 0:0:0:0:0:0:0:1 requested resource /Febos2/masonry.js from /Febos2/ListOfProducts.jsp
filters.FilterLog 06-12-2015 22:39:37  INFO  - user ip= 0:0:0:0:0:0:0:1 requested resource /Febos2/masonry.js from /Febos2/ListOfProducts.jsp
filters.FilterLog 06-12-2015 22:39:37  INFO  - user ip= 0:0:0:0:0:0:0:1 requested resource /Febos2/masonry.js from /Febos2/ListOfProducts.jsp
filters.FilterLog 06-12-2015 22:39:37  INFO  - user ip= 0:0:0:0:0:0:0:1 requested resource /Febos2/masonry.js from /Febos2/ListOfProducts.jsp
filters.FilterLog 06-12-2015 22:39:37  INFO  - user ip= 0:0:0:0:0:0:0:1 requested resource /Febos2/masonry.js from /Febos2/ListOfProducts.jsp
filters.FilterLog 06-12-2015 22:39:37  INFO  - user ip= 0:0:0:0:0:0:0:1 requested resource /Febos2/masonry.js from /Febos2/ListOfProducts.jsp
filters.FilterLog 06-12-2015 22:39:37  INFO  - user ip= 0:0:0:0:0:0:0:1 requested resource /Febos2/masonry.js from /Febos2/ListOfProducts.jsp
filters.FilterLog 06-12-2015 22:39:46  INFO  - user ip= 0:0:0:0:0:0:0:1 requested resource /Febos2/ListOfProducts.jsp from /Febos2/ListOfProducts.jsp
filters.FilterLog 06-12-2015 22:39:46  INFO  - user ip= 0:0:0:0:0:0:0:1 requested resource /Febos2/style/main.css from /Febos2/ListOfProducts.jsp
filters.FilterLog 06-12-2015 22:39:46  INFO  - user ip= 0:0:0:0:0:0:0:1 requested resource /Febos2/js/main.js from /Febos2/ListOfProducts.jsp
filters.FilterLog 06-12-2015 22:39:46  INFO  - user ip= 0:0:0:0:0:0:0:1 requested resource /Febos2/style/fonts/franklin-gothic-demi-cond.ttf from /Febos2/ListOfProducts.jsp
filters.FilterLog 06-12-2015 22:39:46  INFO  - user ip= 0:0:0:0:0:0:0:1 requested resource /Febos2/js/masonry.js from /Febos2/ListOfProducts.jsp
filters.FilterLog 06-12-2015 22:39:46  INFO  - user ip= 0:0:0:0:0:0:0:1 requested resource /Febos2/style/hat.css from /Febos2/ListOfProducts.jsp
filters.FilterLog 06-12-2015 22:39:46  INFO  - user ip= 0:0:0:0:0:0:0:1 requested resource /Febos2/js/auth.js from /Febos2/ListOfProducts.jsp
filters.FilterLog 06-12-2015 22:39:46  INFO  - user ip= 0:0:0:0:0:0:0:1 requested resource /Febos2/masonry.js from /Febos2/ListOfProducts.jsp
filters.FilterLog 06-12-2015 22:39:46  INFO  - user ip= 0:0:0:0:0:0:0:1 requested resource /Febos2/style/fonts/franklin-gothic-demi-cond.ttf from /Febos2/ListOfProducts.jsp
filters.FilterLog 06-12-2015 22:39:47  INFO  - user ip= 0:0:0:0:0:0:0:1 requested resource /Febos2/masonry.js from /Febos2/ListOfProducts.jsp
filters.FilterLog 06-12-2015 22:39:47  INFO  - user ip= 0:0:0:0:0:0:0:1 requested resource /Febos2/masonry.js from /Febos2/ListOfProducts.jsp
filters.FilterLog 06-12-2015 22:39:47  INFO  - user ip= 0:0:0:0:0:0:0:1 requested resource /Febos2/masonry.js from /Febos2/ListOfProducts.jsp
filters.FilterLog 06-12-2015 22:39:47  INFO  - user ip= 0:0:0:0:0:0:0:1 requested resource /Febos2/masonry.js from /Febos2/ListOfProducts.jsp
filters.FilterLog 06-12-2015 22:39:47  INFO  - user ip= 0:0:0:0:0:0:0:1 requested resource /Febos2/masonry.js from /Febos2/ListOfProducts.jsp
filters.FilterLog 06-12-2015 22:39:47  INFO  - user ip= 0:0:0:0:0:0:0:1 requested resource /Febos2/masonry.js from /Febos2/ListOfProducts.jsp
filters.FilterLog 06-12-2015 22:39:47  INFO  - user ip= 0:0:0:0:0:0:0:1 requested resource /Febos2/masonry.js from /Febos2/ListOfProducts.jsp
filters.FilterLog 06-12-2015 22:40:01  INFO  - user ip= 0:0:0:0:0:0:0:1 requested resource /Febos2/Product.jsp from /Febos2/ListOfProducts.jsp?lang=ru&id=6
filters.FilterLog 06-12-2015 22:40:02  INFO  - user ip= 0:0:0:0:0:0:0:1 requested resource /Febos2/style/main.css from Product.jsp
filters.FilterLog 06-12-2015 22:40:46  INFO  - user ip= 0:0:0:0:0:0:0:1 requested resource /Febos2/ListOfProducts.jsp from Product.jsp
filters.FilterLog 06-12-2015 22:40:46  INFO  - user ip= 0:0:0:0:0:0:0:1 requested resource /Febos2/style/main.css from /Febos2/ListOfProducts.jsp
filters.FilterLog 06-12-2015 22:40:46  INFO  - user ip= 0:0:0:0:0:0:0:1 requested resource /Febos2/js/main.js from /Febos2/ListOfProducts.jsp
filters.FilterLog 06-12-2015 22:40:46  INFO  - user ip= 0:0:0:0:0:0:0:1 requested resource /Febos2/js/masonry.js from /Febos2/ListOfProducts.jsp
filters.FilterLog 06-12-2015 22:40:46  INFO  - user ip= 0:0:0:0:0:0:0:1 requested resource /Febos2/style/fonts/franklin-gothic-demi-cond.ttf from /Febos2/ListOfProducts.jsp
filters.FilterLog 06-12-2015 22:40:46  INFO  - user ip= 0:0:0:0:0:0:0:1 requested resource /Febos2/style/hat.css from /Febos2/ListOfProducts.jsp
filters.FilterLog 06-12-2015 22:40:46  INFO  - user ip= 0:0:0:0:0:0:0:1 requested resource /Febos2/js/auth.js from /Febos2/ListOfProducts.jsp
filters.FilterLog 06-12-2015 22:40:46  INFO  - user ip= 0:0:0:0:0:0:0:1 requested resource /Febos2/masonry.js from /Febos2/ListOfProducts.jsp
filters.FilterLog 06-12-2015 22:40:46  INFO  - user ip= 0:0:0:0:0:0:0:1 requested resource /Febos2/style/fonts/franklin-gothic-demi-cond.ttf from /Febos2/ListOfProducts.jsp
filters.FilterLog 06-12-2015 22:40:46  INFO  - user ip= 0:0:0:0:0:0:0:1 requested resource /Febos2/masonry.js from /Febos2/ListOfProducts.jsp
filters.FilterLog 06-12-2015 22:40:46  INFO  - user ip= 0:0:0:0:0:0:0:1 requested resource /Febos2/masonry.js from /Febos2/ListOfProducts.jsp
filters.FilterLog 06-12-2015 22:40:46  INFO  - user ip= 0:0:0:0:0:0:0:1 requested resource /Febos2/masonry.js from /Febos2/ListOfProducts.jsp
filters.FilterLog 06-12-2015 22:40:46  INFO  - user ip= 0:0:0:0:0:0:0:1 requested resource /Febos2/masonry.js from /Febos2/ListOfProducts.jsp
filters.FilterLog 06-12-2015 22:40:46  INFO  - user ip= 0:0:0:0:0:0:0:1 requested resource /Febos2/masonry.js from /Febos2/ListOfProducts.jsp
filters.FilterLog 06-12-2015 22:40:47  INFO  - user ip= 0:0:0:0:0:0:0:1 requested resource /Febos2/masonry.js from /Febos2/ListOfProducts.jsp
filters.FilterLog 06-12-2015 22:40:47  INFO  - user ip= 0:0:0:0:0:0:0:1 requested resource /Febos2/masonry.js from /Febos2/ListOfProducts.jsp
filters.FilterLog 06-12-2015 22:41:24  INFO  - user ip= 0:0:0:0:0:0:0:1 requested resource /Febos2/ListOfProducts.jsp from /Febos2/ListOfProducts.jsp
filters.FilterLog 06-12-2015 22:41:24  INFO  - user ip= 0:0:0:0:0:0:0:1 requested resource /Febos2/style/main.css from /Febos2/ListOfProducts.jsp
filters.FilterLog 06-12-2015 22:41:24  INFO  - user ip= 0:0:0:0:0:0:0:1 requested resource /Febos2/js/main.js from /Febos2/ListOfProducts.jsp
filters.FilterLog 06-12-2015 22:41:24  INFO  - user ip= 0:0:0:0:0:0:0:1 requested resource /Febos2/js/masonry.js from /Febos2/ListOfProducts.jsp
filters.FilterLog 06-12-2015 22:41:24  INFO  - user ip= 0:0:0:0:0:0:0:1 requested resource /Febos2/style/hat.css from /Febos2/ListOfProducts.jsp
filters.FilterLog 06-12-2015 22:41:24  INFO  - user ip= 0:0:0:0:0:0:0:1 requested resource /Febos2/js/auth.js from /Febos2/ListOfProducts.jsp
filters.FilterLog 06-12-2015 22:41:24  INFO  - user ip= 0:0:0:0:0:0:0:1 requested resource /Febos2/style/fonts/franklin-gothic-demi-cond.ttf from /Febos2/ListOfProducts.jsp
filters.FilterLog 06-12-2015 22:41:25  INFO  - user ip= 0:0:0:0:0:0:0:1 requested resource /Febos2/masonry.js from /Febos2/ListOfProducts.jsp
filters.FilterLog 06-12-2015 22:41:25  INFO  - user ip= 0:0:0:0:0:0:0:1 requested resource /Febos2/style/fonts/franklin-gothic-demi-cond.ttf from /Febos2/ListOfProducts.jsp
filters.FilterLog 06-12-2015 22:41:25  INFO  - user ip= 0:0:0:0:0:0:0:1 requested resource /Febos2/masonry.js from /Febos2/ListOfProducts.jsp
filters.FilterLog 06-12-2015 22:41:25  INFO  - user ip= 0:0:0:0:0:0:0:1 requested resource /Febos2/masonry.js from /Febos2/ListOfProducts.jsp
filters.FilterLog 06-12-2015 22:41:25  INFO  - user ip= 0:0:0:0:0:0:0:1 requested resource /Febos2/masonry.js from /Febos2/ListOfProducts.jsp
filters.FilterLog 06-12-2015 22:41:25  INFO  - user ip= 0:0:0:0:0:0:0:1 requested resource /Febos2/masonry.js from /Febos2/ListOfProducts.jsp
filters.FilterLog 06-12-2015 22:41:25  INFO  - user ip= 0:0:0:0:0:0:0:1 requested resource /Febos2/masonry.js from /Febos2/ListOfProducts.jsp
filters.FilterLog 06-12-2015 22:41:25  INFO  - user ip= 0:0:0:0:0:0:0:1 requested resource /Febos2/masonry.js from /Febos2/ListOfProducts.jsp
filters.FilterLog 06-12-2015 22:41:25  INFO  - user ip= 0:0:0:0:0:0:0:1 requested resource /Febos2/masonry.js from /Febos2/ListOfProducts.jsp
filters.FilterLog 06-12-2015 22:42:00  INFO  - user ip= 0:0:0:0:0:0:0:1 requested resource /Febos2/Product.jsp from /Febos2/ListOfProducts.jsp?lang=ru&id=5
filters.FilterLog 06-12-2015 22:42:00  INFO  - user ip= 0:0:0:0:0:0:0:1 requested resource /Febos2/style/main.css from Product.jsp
filters.FilterLog 06-12-2015 22:42:10  INFO  - user ip= 0:0:0:0:0:0:0:1 requested resource /Febos2/style/main.css from Product.jsp
filters.FilterLog 06-12-2015 22:42:18  INFO  - user ip= 0:0:0:0:0:0:0:1 requested resource /Febos2/DaoWorker from Product.jsp?work=auth&login=tomcat
ui.DaoWorkerServlet 06-12-2015 22:42:19  INFO  - authorized user with login=tomcat
filters.FilterLog 06-12-2015 22:42:19  INFO  - user ip= 0:0:0:0:0:0:0:1 requested resource /Febos2/Cart.jsp from Product.jsp?lang=ru
filters.FilterLog 06-12-2015 22:42:19  INFO  - user ip= 0:0:0:0:0:0:0:1 requested resource /Febos2/style/main.css from Cart.jsp
filters.FilterLog 06-12-2015 22:42:19  INFO  - user ip= 0:0:0:0:0:0:0:1 requested resource /Febos2/masonry.js from Cart.jsp
filters.FilterLog 06-12-2015 22:42:19  INFO  - user ip= 0:0:0:0:0:0:0:1 requested resource /Febos2/style/cart.css from Cart.jsp
filters.FilterLog 06-12-2015 22:42:19  INFO  - user ip= 0:0:0:0:0:0:0:1 requested resource /Febos2/masonry.js from Cart.jsp
filters.FilterLog 06-12-2015 22:42:29  INFO  - user ip= 0:0:0:0:0:0:0:1 requested resource /Febos2/CheckoutServlet from Cart.jsp?lang=ru
ui.CheckoutServlet 06-12-2015 22:42:30  INFO  - added information about shops from DB in cookie
filters.FilterLog 06-12-2015 22:42:30  INFO  - user ip= 0:0:0:0:0:0:0:1 requested resource /Febos2/style/main.css from Checkout.jsp
filters.FilterLog 06-12-2015 22:42:30  INFO  - user ip= 0:0:0:0:0:0:0:1 requested resource /Febos2/masonry.js from Checkout.jsp
filters.FilterLog 06-12-2015 22:42:30  INFO  - user ip= 0:0:0:0:0:0:0:1 requested resource /Febos2/style/checkout.css from Checkout.jsp
filters.FilterLog 06-12-2015 22:42:30  INFO  - user ip= 0:0:0:0:0:0:0:1 requested resource /Febos2/masonry.js from Checkout.jsp
filters.FilterLog 06-12-2015 22:43:02  INFO  - user ip= 0:0:0:0:0:0:0:1 requested resource /Febos2/Cart.jsp from Checkout.jsp?lang=ru
filters.FilterLog 06-12-2015 22:43:02  INFO  - user ip= 0:0:0:0:0:0:0:1 requested resource /Febos2/style/cart.css from Cart.jsp
filters.FilterLog 06-12-2015 22:43:02  INFO  - user ip= 0:0:0:0:0:0:0:1 requested resource /Febos2/js/cart.js from Cart.jsp
filters.FilterLog 06-12-2015 22:43:02  INFO  - user ip= 0:0:0:0:0:0:0:1 requested resource /Febos2/style/main.css from Cart.jsp
filters.FilterLog 06-12-2015 22:43:02  INFO  - user ip= 0:0:0:0:0:0:0:1 requested resource /Febos2/js/main.js from Cart.jsp
filters.FilterLog 06-12-2015 22:43:02  INFO  - user ip= 0:0:0:0:0:0:0:1 requested resource /Febos2/masonry.js from Cart.jsp
filters.FilterLog 06-12-2015 22:43:02  INFO  - user ip= 0:0:0:0:0:0:0:1 requested resource /Febos2/style/hat.css from Cart.jsp
filters.FilterLog 06-12-2015 22:43:02  INFO  - user ip= 0:0:0:0:0:0:0:1 requested resource /Febos2/style/fonts/franklin-gothic-demi-cond.ttf from Cart.jsp
filters.FilterLog 06-12-2015 22:43:02  INFO  - user ip= 0:0:0:0:0:0:0:1 requested resource /Febos2/js/auth.js from Cart.jsp
filters.FilterLog 06-12-2015 22:43:02  INFO  - user ip= 0:0:0:0:0:0:0:1 requested resource /Febos2/masonry.js from Cart.jsp
filters.FilterLog 06-12-2015 22:43:02  INFO  - user ip= 0:0:0:0:0:0:0:1 requested resource /Febos2/style/fonts/franklin-gothic-demi-cond.ttf from Cart.jsp
filters.FilterLog 06-12-2015 22:44:16  INFO  - user ip= 0:0:0:0:0:0:0:1 requested resource /Febos2/Cart.jsp from Cart.jsp?lang=ru
filters.FilterLog 06-12-2015 22:44:16  INFO  - user ip= 0:0:0:0:0:0:0:1 requested resource /Febos2/style/cart.css from Cart.jsp
filters.FilterLog 06-12-2015 22:44:16  INFO  - user ip= 0:0:0:0:0:0:0:1 requested resource /Febos2/style/main.css from Cart.jsp
filters.FilterLog 06-12-2015 22:44:16  INFO  - user ip= 0:0:0:0:0:0:0:1 requested resource /Febos2/js/main.js from Cart.jsp
filters.FilterLog 06-12-2015 22:44:16  INFO  - user ip= 0:0:0:0:0:0:0:1 requested resource /Febos2/js/cart.js from Cart.jsp
filters.FilterLog 06-12-2015 22:44:16  INFO  - user ip= 0:0:0:0:0:0:0:1 requested resource /Febos2/style/fonts/franklin-gothic-demi-cond.ttf from Cart.jsp
filters.FilterLog 06-12-2015 22:44:16  INFO  - user ip= 0:0:0:0:0:0:0:1 requested resource /Febos2/masonry.js from Cart.jsp
filters.FilterLog 06-12-2015 22:44:16  INFO  - user ip= 0:0:0:0:0:0:0:1 requested resource /Febos2/style/hat.css from Cart.jsp
filters.FilterLog 06-12-2015 22:44:16  INFO  - user ip= 0:0:0:0:0:0:0:1 requested resource /Febos2/js/auth.js from Cart.jsp
filters.FilterLog 06-12-2015 22:44:16  INFO  - user ip= 0:0:0:0:0:0:0:1 requested resource /Febos2/masonry.js from Cart.jsp
filters.FilterLog 06-12-2015 22:44:16  INFO  - user ip= 0:0:0:0:0:0:0:1 requested resource /Febos2/style/fonts/franklin-gothic-demi-cond.ttf from Cart.jsp
filters.FilterLog 06-12-2015 22:44:24  INFO  - user ip= 0:0:0:0:0:0:0:1 requested resource /Febos2/CheckoutServlet from Cart.jsp?lang=ru
ui.CheckoutServlet 06-12-2015 22:44:24  INFO  - added information about shops from DB in cookie
filters.FilterLog 06-12-2015 22:44:24  INFO  - user ip= 0:0:0:0:0:0:0:1 requested resource /Febos2/style/main.css from Checkout.jsp
filters.FilterLog 06-12-2015 22:44:24  INFO  - user ip= 0:0:0:0:0:0:0:1 requested resource /Febos2/masonry.js from Checkout.jsp
filters.FilterLog 06-12-2015 22:44:24  INFO  - user ip= 0:0:0:0:0:0:0:1 requested resource /Febos2/masonry.js from Checkout.jsp
filters.FilterLog 06-12-2015 22:44:38  INFO  - user ip= 0:0:0:0:0:0:0:1 requested resource /Febos2/Cart.jsp from Checkout.jsp?lang=ru
filters.FilterLog 06-12-2015 22:44:38  INFO  - user ip= 0:0:0:0:0:0:0:1 requested resource /Febos2/style/main.css from Cart.jsp
filters.FilterLog 06-12-2015 22:44:38  INFO  - user ip= 0:0:0:0:0:0:0:1 requested resource /Febos2/style/cart.css from Cart.jsp
filters.FilterLog 06-12-2015 22:44:38  INFO  - user ip= 0:0:0:0:0:0:0:1 requested resource /Febos2/js/cart.js from Cart.jsp
filters.FilterLog 06-12-2015 22:44:38  INFO  - user ip= 0:0:0:0:0:0:0:1 requested resource /Febos2/js/main.js from Cart.jsp
filters.FilterLog 06-12-2015 22:44:38  INFO  - user ip= 0:0:0:0:0:0:0:1 requested resource /Febos2/masonry.js from Cart.jsp
filters.FilterLog 06-12-2015 22:44:38  INFO  - user ip= 0:0:0:0:0:0:0:1 requested resource /Febos2/style/fonts/franklin-gothic-demi-cond.ttf from Cart.jsp
filters.FilterLog 06-12-2015 22:44:38  INFO  - user ip= 0:0:0:0:0:0:0:1 requested resource /Febos2/js/auth.js from Cart.jsp
filters.FilterLog 06-12-2015 22:44:38  INFO  - user ip= 0:0:0:0:0:0:0:1 requested resource /Febos2/style/hat.css from Cart.jsp
filters.FilterLog 06-12-2015 22:44:38  INFO  - user ip= 0:0:0:0:0:0:0:1 requested resource /Febos2/masonry.js from Cart.jsp
filters.FilterLog 06-12-2015 22:44:39  INFO  - user ip= 0:0:0:0:0:0:0:1 requested resource /Febos2/style/fonts/franklin-gothic-demi-cond.ttf from Cart.jsp
filters.FilterLog 06-12-2015 22:44:40  INFO  - user ip= 0:0:0:0:0:0:0:1 requested resource /Febos2/CheckoutServlet from Cart.jsp?lang=ru
ui.CheckoutServlet 06-12-2015 22:44:40  INFO  - added information about shops from DB in cookie
filters.FilterLog 06-12-2015 22:44:41  INFO  - user ip= 0:0:0:0:0:0:0:1 requested resource /Febos2/style/main.css from Checkout.jsp
filters.FilterLog 06-12-2015 22:44:41  INFO  - user ip= 0:0:0:0:0:0:0:1 requested resource /Febos2/masonry.js from Checkout.jsp
filters.FilterLog 06-12-2015 22:44:41  INFO  - user ip= 0:0:0:0:0:0:0:1 requested resource /Febos2/masonry.js from Checkout.jsp
filters.FilterLog 06-12-2015 22:44:59  INFO  - user ip= 0:0:0:0:0:0:0:1 requested resource /Febos2/Cart.jsp from Checkout.jsp?lang=ru
filters.FilterLog 06-12-2015 22:44:59  INFO  - user ip= 0:0:0:0:0:0:0:1 requested resource /Febos2/style/main.css from Cart.jsp
filters.FilterLog 06-12-2015 22:44:59  INFO  - user ip= 0:0:0:0:0:0:0:1 requested resource /Febos2/style/cart.css from Cart.jsp
filters.FilterLog 06-12-2015 22:44:59  INFO  - user ip= 0:0:0:0:0:0:0:1 requested resource /Febos2/masonry.js from Cart.jsp
filters.FilterLog 06-12-2015 22:44:59  INFO  - user ip= 0:0:0:0:0:0:0:1 requested resource /Febos2/style/hat.css from Cart.jsp
filters.FilterLog 06-12-2015 22:44:59  INFO  - user ip= 0:0:0:0:0:0:0:1 requested resource /Febos2/js/main.js from Cart.jsp
filters.FilterLog 06-12-2015 22:44:59  INFO  - user ip= 0:0:0:0:0:0:0:1 requested resource /Febos2/js/cart.js from Cart.jsp
filters.FilterLog 06-12-2015 22:44:59  INFO  - user ip= 0:0:0:0:0:0:0:1 requested resource /Febos2/style/fonts/franklin-gothic-demi-cond.ttf from Cart.jsp
filters.FilterLog 06-12-2015 22:44:59  INFO  - user ip= 0:0:0:0:0:0:0:1 requested resource /Febos2/js/auth.js from Cart.jsp
filters.FilterLog 06-12-2015 22:45:00  INFO  - user ip= 0:0:0:0:0:0:0:1 requested resource /Febos2/masonry.js from Cart.jsp
filters.FilterLog 06-12-2015 22:45:00  INFO  - user ip= 0:0:0:0:0:0:0:1 requested resource /Febos2/style/fonts/franklin-gothic-demi-cond.ttf from Cart.jsp
filters.FilterLog 06-12-2015 22:45:06  INFO  - user ip= 0:0:0:0:0:0:0:1 requested resource /Febos2/CheckoutServlet from Cart.jsp?lang=ru
ui.CheckoutServlet 06-12-2015 22:45:06  INFO  - added information about shops from DB in cookie
filters.FilterLog 06-12-2015 22:45:06  INFO  - user ip= 0:0:0:0:0:0:0:1 requested resource /Febos2/style/main.css from Checkout.jsp
filters.FilterLog 06-12-2015 22:45:06  INFO  - user ip= 0:0:0:0:0:0:0:1 requested resource /Febos2/masonry.js from Checkout.jsp
filters.FilterLog 06-12-2015 22:45:06  INFO  - user ip= 0:0:0:0:0:0:0:1 requested resource /Febos2/masonry.js from Checkout.jsp
filters.FilterLog 06-12-2015 22:45:13  INFO  - user ip= 0:0:0:0:0:0:0:1 requested resource /Febos2/CheckoutServlet from Checkout.jsp?lang=ru
ui.CheckoutServlet 06-12-2015 22:45:14  INFO  - added information about shops from DB in cookie
filters.FilterLog 06-12-2015 22:45:14  INFO  - user ip= 0:0:0:0:0:0:0:1 requested resource /Febos2/style/main.css from Checkout.jsp
filters.FilterLog 06-12-2015 22:45:14  INFO  - user ip= 0:0:0:0:0:0:0:1 requested resource /Febos2/masonry.js from Checkout.jsp
filters.FilterLog 06-12-2015 22:45:14  INFO  - user ip= 0:0:0:0:0:0:0:1 requested resource /Febos2/masonry.js from Checkout.jsp
filters.FilterLog 06-12-2015 22:46:05  INFO  - user ip= 0:0:0:0:0:0:0:1 requested resource /Febos2/Cart.jsp from Checkout.jsp?lang=ru
filters.FilterLog 06-12-2015 22:46:05  INFO  - user ip= 0:0:0:0:0:0:0:1 requested resource /Febos2/style/main.css from Cart.jsp
filters.FilterLog 06-12-2015 22:46:05  INFO  - user ip= 0:0:0:0:0:0:0:1 requested resource /Febos2/style/cart.css from Cart.jsp
filters.FilterLog 06-12-2015 22:46:05  INFO  - user ip= 0:0:0:0:0:0:0:1 requested resource /Febos2/js/main.js from Cart.jsp
filters.FilterLog 06-12-2015 22:46:05  INFO  - user ip= 0:0:0:0:0:0:0:1 requested resource /Febos2/js/cart.js from Cart.jsp
filters.FilterLog 06-12-2015 22:46:05  INFO  - user ip= 0:0:0:0:0:0:0:1 requested resource /Febos2/masonry.js from Cart.jsp
filters.FilterLog 06-12-2015 22:46:05  INFO  - user ip= 0:0:0:0:0:0:0:1 requested resource /Febos2/style/fonts/franklin-gothic-demi-cond.ttf from Cart.jsp
filters.FilterLog 06-12-2015 22:46:05  INFO  - user ip= 0:0:0:0:0:0:0:1 requested resource /Febos2/style/hat.css from Cart.jsp
filters.FilterLog 06-12-2015 22:46:05  INFO  - user ip= 0:0:0:0:0:0:0:1 requested resource /Febos2/js/auth.js from Cart.jsp
filters.FilterLog 06-12-2015 22:46:05  INFO  - user ip= 0:0:0:0:0:0:0:1 requested resource /Febos2/masonry.js from Cart.jsp
filters.FilterLog 06-12-2015 22:46:05  INFO  - user ip= 0:0:0:0:0:0:0:1 requested resource /Febos2/style/fonts/franklin-gothic-demi-cond.ttf from Cart.jsp
filters.FilterLog 06-12-2015 22:46:11  INFO  - user ip= 0:0:0:0:0:0:0:1 requested resource /Febos2/CheckoutServlet from Cart.jsp?lang=ru
ui.CheckoutServlet 06-12-2015 22:46:11  INFO  - added information about shops from DB in cookie
filters.FilterLog 06-12-2015 22:46:12  INFO  - user ip= 0:0:0:0:0:0:0:1 requested resource /Febos2/style/main.css from Checkout.jsp
filters.FilterLog 06-12-2015 22:46:12  INFO  - user ip= 0:0:0:0:0:0:0:1 requested resource /Febos2/masonry.js from Checkout.jsp
filters.FilterLog 06-12-2015 22:46:12  INFO  - user ip= 0:0:0:0:0:0:0:1 requested resource /Febos2/masonry.js from Checkout.jsp
filters.FilterLog 06-12-2015 22:46:45  INFO  - user ip= 0:0:0:0:0:0:0:1 requested resource /Febos2/Cart.jsp from Checkout.jsp?lang=ru
filters.FilterLog 06-12-2015 22:46:45  INFO  - user ip= 0:0:0:0:0:0:0:1 requested resource /Febos2/style/main.css from Cart.jsp
filters.FilterLog 06-12-2015 22:46:45  INFO  - user ip= 0:0:0:0:0:0:0:1 requested resource /Febos2/masonry.js from Cart.jsp
filters.FilterLog 06-12-2015 22:46:45  INFO  - user ip= 0:0:0:0:0:0:0:1 requested resource /Febos2/style/cart.css from Cart.jsp
filters.FilterLog 06-12-2015 22:46:45  INFO  - user ip= 0:0:0:0:0:0:0:1 requested resource /Febos2/style/hat.css from Cart.jsp
filters.FilterLog 06-12-2015 22:46:45  INFO  - user ip= 0:0:0:0:0:0:0:1 requested resource /Febos2/js/cart.js from Cart.jsp
filters.FilterLog 06-12-2015 22:46:45  INFO  - user ip= 0:0:0:0:0:0:0:1 requested resource /Febos2/style/fonts/franklin-gothic-demi-cond.ttf from Cart.jsp
filters.FilterLog 06-12-2015 22:46:45  INFO  - user ip= 0:0:0:0:0:0:0:1 requested resource /Febos2/js/main.js from Cart.jsp
filters.FilterLog 06-12-2015 22:46:45  INFO  - user ip= 0:0:0:0:0:0:0:1 requested resource /Febos2/js/auth.js from Cart.jsp
filters.FilterLog 06-12-2015 22:46:48  INFO  - user ip= 0:0:0:0:0:0:0:1 requested resource /Febos2/masonry.js from Cart.jsp
filters.FilterLog 06-12-2015 22:46:48  INFO  - user ip= 0:0:0:0:0:0:0:1 requested resource /Febos2/style/fonts/franklin-gothic-demi-cond.ttf from Cart.jsp
filters.FilterLog 06-12-2015 22:46:51  INFO  - user ip= 0:0:0:0:0:0:0:1 requested resource /Febos2/CheckoutServlet from Cart.jsp?lang=ru
ui.CheckoutServlet 06-12-2015 22:46:51  INFO  - added information about shops from DB in cookie
filters.FilterLog 06-12-2015 22:46:52  INFO  - user ip= 0:0:0:0:0:0:0:1 requested resource /Febos2/style/main.css from Checkout.jsp
filters.FilterLog 06-12-2015 22:46:52  INFO  - user ip= 0:0:0:0:0:0:0:1 requested resource /Febos2/masonry.js from Checkout.jsp
filters.FilterLog 06-12-2015 22:46:52  INFO  - user ip= 0:0:0:0:0:0:0:1 requested resource /Febos2/masonry.js from Checkout.jsp
filters.FilterLog 06-12-2015 22:47:18  INFO  - user ip= 0:0:0:0:0:0:0:1 requested resource /Febos2/CheckoutServlet from Checkout.jsp?lang=ru
ui.CheckoutServlet 06-12-2015 22:47:19  INFO  - added information about shops from DB in cookie
filters.FilterLog 06-12-2015 22:47:19  INFO  - user ip= 0:0:0:0:0:0:0:1 requested resource /Febos2/style/main.css from Checkout.jsp
filters.FilterLog 06-12-2015 22:47:19  INFO  - user ip= 0:0:0:0:0:0:0:1 requested resource /Febos2/masonry.js from Checkout.jsp
filters.FilterLog 06-12-2015 22:47:19  INFO  - user ip= 0:0:0:0:0:0:0:1 requested resource /Febos2/masonry.js from Checkout.jsp
filters.FilterLog 06-12-2015 22:47:44  INFO  - user ip= 0:0:0:0:0:0:0:1 requested resource /Febos2/Cart.jsp from Checkout.jsp?lang=ru
filters.FilterLog 06-12-2015 22:47:44  INFO  - user ip= 0:0:0:0:0:0:0:1 requested resource /Febos2/style/main.css from Cart.jsp
filters.FilterLog 06-12-2015 22:47:44  INFO  - user ip= 0:0:0:0:0:0:0:1 requested resource /Febos2/style/cart.css from Cart.jsp
filters.FilterLog 06-12-2015 22:47:44  INFO  - user ip= 0:0:0:0:0:0:0:1 requested resource /Febos2/js/main.js from Cart.jsp
filters.FilterLog 06-12-2015 22:47:44  INFO  - user ip= 0:0:0:0:0:0:0:1 requested resource /Febos2/js/cart.js from Cart.jsp
filters.FilterLog 06-12-2015 22:47:44  INFO  - user ip= 0:0:0:0:0:0:0:1 requested resource /Febos2/masonry.js from Cart.jsp
filters.FilterLog 06-12-2015 22:47:44  INFO  - user ip= 0:0:0:0:0:0:0:1 requested resource /Febos2/style/hat.css from Cart.jsp
filters.FilterLog 06-12-2015 22:47:44  INFO  - user ip= 0:0:0:0:0:0:0:1 requested resource /Febos2/style/fonts/franklin-gothic-demi-cond.ttf from Cart.jsp
filters.FilterLog 06-12-2015 22:47:44  INFO  - user ip= 0:0:0:0:0:0:0:1 requested resource /Febos2/js/auth.js from Cart.jsp
filters.FilterLog 06-12-2015 22:47:44  INFO  - user ip= 0:0:0:0:0:0:0:1 requested resource /Febos2/masonry.js from Cart.jsp
filters.FilterLog 06-12-2015 22:47:44  INFO  - user ip= 0:0:0:0:0:0:0:1 requested resource /Febos2/style/fonts/franklin-gothic-demi-cond.ttf from Cart.jsp
filters.FilterLog 06-12-2015 22:47:48  INFO  - user ip= 0:0:0:0:0:0:0:1 requested resource /Febos2/CheckoutServlet from Cart.jsp?lang=ru
ui.CheckoutServlet 06-12-2015 22:47:48  INFO  - added information about shops from DB in cookie
filters.FilterLog 06-12-2015 22:47:48  INFO  - user ip= 0:0:0:0:0:0:0:1 requested resource /Febos2/style/main.css from Checkout.jsp
filters.FilterLog 06-12-2015 22:47:48  INFO  - user ip= 0:0:0:0:0:0:0:1 requested resource /Febos2/masonry.js from Checkout.jsp
filters.FilterLog 06-12-2015 22:47:48  INFO  - user ip= 0:0:0:0:0:0:0:1 requested resource /Febos2/masonry.js from Checkout.jsp
filters.FilterLog 06-12-2015 22:48:24  INFO  - user ip= 0:0:0:0:0:0:0:1 requested resource /Febos2/Cart.jsp from Checkout.jsp?lang=ru
filters.FilterLog 06-12-2015 22:48:24  INFO  - user ip= 0:0:0:0:0:0:0:1 requested resource /Febos2/style/main.css from Cart.jsp
filters.FilterLog 06-12-2015 22:48:24  INFO  - user ip= 0:0:0:0:0:0:0:1 requested resource /Febos2/style/cart.css from Cart.jsp
filters.FilterLog 06-12-2015 22:48:24  INFO  - user ip= 0:0:0:0:0:0:0:1 requested resource /Febos2/js/cart.js from Cart.jsp
filters.FilterLog 06-12-2015 22:48:24  INFO  - user ip= 0:0:0:0:0:0:0:1 requested resource /Febos2/js/main.js from Cart.jsp
filters.FilterLog 06-12-2015 22:48:24  INFO  - user ip= 0:0:0:0:0:0:0:1 requested resource /Febos2/masonry.js from Cart.jsp
filters.FilterLog 06-12-2015 22:48:24  INFO  - user ip= 0:0:0:0:0:0:0:1 requested resource /Febos2/style/fonts/franklin-gothic-demi-cond.ttf from Cart.jsp
filters.FilterLog 06-12-2015 22:48:24  INFO  - user ip= 0:0:0:0:0:0:0:1 requested resource /Febos2/style/hat.css from Cart.jsp
filters.FilterLog 06-12-2015 22:48:24  INFO  - user ip= 0:0:0:0:0:0:0:1 requested resource /Febos2/js/auth.js from Cart.jsp
filters.FilterLog 06-12-2015 22:48:24  INFO  - user ip= 0:0:0:0:0:0:0:1 requested resource /Febos2/masonry.js from Cart.jsp
filters.FilterLog 06-12-2015 22:48:24  INFO  - user ip= 0:0:0:0:0:0:0:1 requested resource /Febos2/style/fonts/franklin-gothic-demi-cond.ttf from Cart.jsp
filters.FilterLog 06-12-2015 22:48:27  INFO  - user ip= 0:0:0:0:0:0:0:1 requested resource /Febos2/Cart.jsp from Cart.jsp?lang=ru
filters.FilterLog 06-12-2015 22:48:28  INFO  - user ip= 0:0:0:0:0:0:0:1 requested resource /Febos2/style/cart.css from Cart.jsp
filters.FilterLog 06-12-2015 22:48:28  INFO  - user ip= 0:0:0:0:0:0:0:1 requested resource /Febos2/style/main.css from Cart.jsp
filters.FilterLog 06-12-2015 22:48:28  INFO  - user ip= 0:0:0:0:0:0:0:1 requested resource /Febos2/js/cart.js from Cart.jsp
filters.FilterLog 06-12-2015 22:48:28  INFO  - user ip= 0:0:0:0:0:0:0:1 requested resource /Febos2/js/main.js from Cart.jsp
filters.FilterLog 06-12-2015 22:48:28  INFO  - user ip= 0:0:0:0:0:0:0:1 requested resource /Febos2/masonry.js from Cart.jsp
filters.FilterLog 06-12-2015 22:48:28  INFO  - user ip= 0:0:0:0:0:0:0:1 requested resource /Febos2/style/fonts/franklin-gothic-demi-cond.ttf from Cart.jsp
filters.FilterLog 06-12-2015 22:48:28  INFO  - user ip= 0:0:0:0:0:0:0:1 requested resource /Febos2/js/auth.js from Cart.jsp
filters.FilterLog 06-12-2015 22:48:28  INFO  - user ip= 0:0:0:0:0:0:0:1 requested resource /Febos2/style/hat.css from Cart.jsp
filters.FilterLog 06-12-2015 22:48:28  INFO  - user ip= 0:0:0:0:0:0:0:1 requested resource /Febos2/masonry.js from Cart.jsp
filters.FilterLog 06-12-2015 22:48:28  INFO  - user ip= 0:0:0:0:0:0:0:1 requested resource /Febos2/style/fonts/franklin-gothic-demi-cond.ttf from Cart.jsp
filters.FilterLog 06-12-2015 22:48:32  INFO  - user ip= 0:0:0:0:0:0:0:1 requested resource /Febos2/CheckoutServlet from Cart.jsp?lang=ru
ui.CheckoutServlet 06-12-2015 22:48:32  INFO  - added information about shops from DB in cookie
filters.FilterLog 06-12-2015 22:48:32  INFO  - user ip= 0:0:0:0:0:0:0:1 requested resource /Febos2/style/main.css from Checkout.jsp
filters.FilterLog 06-12-2015 22:48:32  INFO  - user ip= 0:0:0:0:0:0:0:1 requested resource /Febos2/masonry.js from Checkout.jsp
filters.FilterLog 06-12-2015 22:48:32  INFO  - user ip= 0:0:0:0:0:0:0:1 requested resource /Febos2/masonry.js from Checkout.jsp
filters.FilterLog 06-12-2015 22:48:46  INFO  - user ip= 0:0:0:0:0:0:0:1 requested resource /Febos2/Cart.jsp from Checkout.jsp?lang=ru
filters.FilterLog 06-12-2015 22:48:46  INFO  - user ip= 0:0:0:0:0:0:0:1 requested resource /Febos2/style/cart.css from Cart.jsp
filters.FilterLog 06-12-2015 22:48:46  INFO  - user ip= 0:0:0:0:0:0:0:1 requested resource /Febos2/style/main.css from Cart.jsp
filters.FilterLog 06-12-2015 22:48:46  INFO  - user ip= 0:0:0:0:0:0:0:1 requested resource /Febos2/js/cart.js from Cart.jsp
filters.FilterLog 06-12-2015 22:48:46  INFO  - user ip= 0:0:0:0:0:0:0:1 requested resource /Febos2/js/main.js from Cart.jsp
filters.FilterLog 06-12-2015 22:48:46  INFO  - user ip= 0:0:0:0:0:0:0:1 requested resource /Febos2/masonry.js from Cart.jsp
filters.FilterLog 06-12-2015 22:48:46  INFO  - user ip= 0:0:0:0:0:0:0:1 requested resource /Febos2/style/fonts/franklin-gothic-demi-cond.ttf from Cart.jsp
filters.FilterLog 06-12-2015 22:48:46  INFO  - user ip= 0:0:0:0:0:0:0:1 requested resource /Febos2/style/hat.css from Cart.jsp
filters.FilterLog 06-12-2015 22:48:46  INFO  - user ip= 0:0:0:0:0:0:0:1 requested resource /Febos2/js/auth.js from Cart.jsp
filters.FilterLog 06-12-2015 22:48:46  INFO  - user ip= 0:0:0:0:0:0:0:1 requested resource /Febos2/masonry.js from Cart.jsp
filters.FilterLog 06-12-2015 22:48:46  INFO  - user ip= 0:0:0:0:0:0:0:1 requested resource /Febos2/style/fonts/franklin-gothic-demi-cond.ttf from Cart.jsp
filters.FilterLog 06-12-2015 22:48:49  INFO  - user ip= 0:0:0:0:0:0:0:1 requested resource /Febos2/CheckoutServlet from Cart.jsp?lang=ru
ui.CheckoutServlet 06-12-2015 22:48:49  INFO  - added information about shops from DB in cookie
filters.FilterLog 06-12-2015 22:48:49  INFO  - user ip= 0:0:0:0:0:0:0:1 requested resource /Febos2/style/main.css from Checkout.jsp
filters.FilterLog 06-12-2015 22:48:49  INFO  - user ip= 0:0:0:0:0:0:0:1 requested resource /Febos2/masonry.js from Checkout.jsp
filters.FilterLog 06-12-2015 22:48:49  INFO  - user ip= 0:0:0:0:0:0:0:1 requested resource /Febos2/masonry.js from Checkout.jsp
filters.FilterLog 06-12-2015 22:48:58  INFO  - user ip= 0:0:0:0:0:0:0:1 requested resource /Febos2/ListOfProducts.jsp from Checkout.jsp?lang=ru
filters.FilterLog 06-12-2015 22:48:58  INFO  - user ip= 0:0:0:0:0:0:0:1 requested resource /Febos2/style/main.css from /Febos2/ListOfProducts.jsp
filters.FilterLog 06-12-2015 22:48:58  INFO  - user ip= 0:0:0:0:0:0:0:1 requested resource /Febos2/masonry.js from /Febos2/ListOfProducts.jsp
filters.FilterLog 06-12-2015 22:48:58  INFO  - user ip= 0:0:0:0:0:0:0:1 requested resource /Febos2/masonry.js from /Febos2/ListOfProducts.jsp
filters.FilterLog 06-12-2015 22:48:58  INFO  - user ip= 0:0:0:0:0:0:0:1 requested resource /Febos2/masonry.js from /Febos2/ListOfProducts.jsp
filters.FilterLog 06-12-2015 22:48:58  INFO  - user ip= 0:0:0:0:0:0:0:1 requested resource /Febos2/masonry.js from /Febos2/ListOfProducts.jsp
filters.FilterLog 06-12-2015 22:48:58  INFO  - user ip= 0:0:0:0:0:0:0:1 requested resource /Febos2/masonry.js from /Febos2/ListOfProducts.jsp
filters.FilterLog 06-12-2015 22:48:58  INFO  - user ip= 0:0:0:0:0:0:0:1 requested resource /Febos2/masonry.js from /Febos2/ListOfProducts.jsp
filters.FilterLog 06-12-2015 22:48:58  INFO  - user ip= 0:0:0:0:0:0:0:1 requested resource /Febos2/masonry.js from /Febos2/ListOfProducts.jsp
filters.FilterLog 06-12-2015 22:48:58  INFO  - user ip= 0:0:0:0:0:0:0:1 requested resource /Febos2/masonry.js from /Febos2/ListOfProducts.jsp
filters.FilterLog 06-12-2015 22:49:23  INFO  - user ip= 0:0:0:0:0:0:0:1 requested resource /Febos2/ListOfProducts.jsp from /Febos2/ListOfProducts.jsp?lang=ru
filters.FilterLog 06-12-2015 22:49:23  INFO  - user ip= 0:0:0:0:0:0:0:1 requested resource /Febos2/js/main.js from /Febos2/ListOfProducts.jsp
filters.FilterLog 06-12-2015 22:49:23  INFO  - user ip= 0:0:0:0:0:0:0:1 requested resource /Febos2/js/masonry.js from /Febos2/ListOfProducts.jsp
filters.FilterLog 06-12-2015 22:49:23  INFO  - user ip= 0:0:0:0:0:0:0:1 requested resource /Febos2/style/fonts/franklin-gothic-demi-cond.ttf from /Febos2/ListOfProducts.jsp
filters.FilterLog 06-12-2015 22:49:23  INFO  - user ip= 0:0:0:0:0:0:0:1 requested resource /Febos2/masonry.js from /Febos2/ListOfProducts.jsp
filters.FilterLog 06-12-2015 22:49:23  INFO  - user ip= 0:0:0:0:0:0:0:1 requested resource /Febos2/style/hat.css from /Febos2/ListOfProducts.jsp
filters.FilterLog 06-12-2015 22:49:23  INFO  - user ip= 0:0:0:0:0:0:0:1 requested resource /Febos2/js/auth.js from /Febos2/ListOfProducts.jsp
filters.FilterLog 06-12-2015 22:49:23  INFO  - user ip= 0:0:0:0:0:0:0:1 requested resource /Febos2/style/main.css from /Febos2/ListOfProducts.jsp
filters.FilterLog 06-12-2015 22:49:23  INFO  - user ip= 0:0:0:0:0:0:0:1 requested resource /Febos2/style/fonts/franklin-gothic-demi-cond.ttf from /Febos2/ListOfProducts.jsp
filters.FilterLog 06-12-2015 22:49:26  INFO  - user ip= 0:0:0:0:0:0:0:1 requested resource /Febos2/masonry.js from /Febos2/ListOfProducts.jsp
filters.FilterLog 06-12-2015 22:49:26  INFO  - user ip= 0:0:0:0:0:0:0:1 requested resource /Febos2/masonry.js from /Febos2/ListOfProducts.jsp
filters.FilterLog 06-12-2015 22:49:26  INFO  - user ip= 0:0:0:0:0:0:0:1 requested resource /Febos2/masonry.js from /Febos2/ListOfProducts.jsp
filters.FilterLog 06-12-2015 22:49:26  INFO  - user ip= 0:0:0:0:0:0:0:1 requested resource /Febos2/masonry.js from /Febos2/ListOfProducts.jsp
filters.FilterLog 06-12-2015 22:49:26  INFO  - user ip= 0:0:0:0:0:0:0:1 requested resource /Febos2/masonry.js from /Febos2/ListOfProducts.jsp
filters.FilterLog 06-12-2015 22:49:26  INFO  - user ip= 0:0:0:0:0:0:0:1 requested resource /Febos2/masonry.js from /Febos2/ListOfProducts.jsp
filters.FilterLog 06-12-2015 22:49:26  INFO  - user ip= 0:0:0:0:0:0:0:1 requested resource /Febos2/masonry.js from /Febos2/ListOfProducts.jsp
filters.FilterLog 06-12-2015 22:49:40  INFO  - user ip= 0:0:0:0:0:0:0:1 requested resource /Febos2/Main.jsp from /Febos2/ListOfProducts.jsp?lang=ru
filters.FilterLog 06-12-2015 22:49:40  INFO  - user ip= 0:0:0:0:0:0:0:1 requested resource /Febos2/style/main.css from Main.jsp
filters.FilterLog 06-12-2015 22:50:14  INFO  - user ip= 0:0:0:0:0:0:0:1 requested resource /Febos2/ListOfProducts.jsp from Main.jsp?lang=ru
filters.FilterLog 06-12-2015 22:50:14  INFO  - user ip= 0:0:0:0:0:0:0:1 requested resource /Febos2/style/main.css from /Febos2/ListOfProducts.jsp
filters.FilterLog 06-12-2015 22:50:14  INFO  - user ip= 0:0:0:0:0:0:0:1 requested resource /Febos2/masonry.js from /Febos2/ListOfProducts.jsp
filters.FilterLog 06-12-2015 22:50:14  INFO  - user ip= 0:0:0:0:0:0:0:1 requested resource /Febos2/masonry.js from /Febos2/ListOfProducts.jsp
filters.FilterLog 06-12-2015 22:50:14  INFO  - user ip= 0:0:0:0:0:0:0:1 requested resource /Febos2/masonry.js from /Febos2/ListOfProducts.jsp
filters.FilterLog 06-12-2015 22:50:15  INFO  - user ip= 0:0:0:0:0:0:0:1 requested resource /Febos2/masonry.js from /Febos2/ListOfProducts.jsp
filters.FilterLog 06-12-2015 22:50:15  INFO  - user ip= 0:0:0:0:0:0:0:1 requested resource /Febos2/masonry.js from /Febos2/ListOfProducts.jsp
filters.FilterLog 06-12-2015 22:50:15  INFO  - user ip= 0:0:0:0:0:0:0:1 requested resource /Febos2/masonry.js from /Febos2/ListOfProducts.jsp
filters.FilterLog 06-12-2015 22:50:15  INFO  - user ip= 0:0:0:0:0:0:0:1 requested resource /Febos2/masonry.js from /Febos2/ListOfProducts.jsp
filters.FilterLog 06-12-2015 22:50:15  INFO  - user ip= 0:0:0:0:0:0:0:1 requested resource /Febos2/masonry.js from /Febos2/ListOfProducts.jsp
filters.FilterLog 06-12-2015 22:50:16  INFO  - user ip= 0:0:0:0:0:0:0:1 requested resource /Febos2/Product.jsp from /Febos2/ListOfProducts.jsp?lang=ru&id=5
filters.FilterLog 06-12-2015 22:50:16  INFO  - user ip= 0:0:0:0:0:0:0:1 requested resource /Febos2/js/button_next.js from Product.jsp
filters.FilterLog 06-12-2015 22:50:52  INFO  - user ip= 0:0:0:0:0:0:0:1 requested resource /Febos2/Product.jsp from Product.jsp?lang=ru&id=5
filters.FilterLog 06-12-2015 22:50:53  INFO  - user ip= 0:0:0:0:0:0:0:1 requested resource /Febos2/style/hat.css from Product.jsp
filters.FilterLog 06-12-2015 22:50:53  INFO  - user ip= 0:0:0:0:0:0:0:1 requested resource /Febos2/js/auth.js from Product.jsp
filters.FilterLog 06-12-2015 22:50:53  INFO  - user ip= 0:0:0:0:0:0:0:1 requested resource /Febos2/js/main.js from Product.jsp
filters.FilterLog 06-12-2015 22:50:53  INFO  - user ip= 0:0:0:0:0:0:0:1 requested resource /Febos2/style/fonts/franklin-gothic-demi-cond.ttf from Product.jsp
filters.FilterLog 06-12-2015 22:50:53  INFO  - user ip= 0:0:0:0:0:0:0:1 requested resource /Febos2/style/main.css from Product.jsp
filters.FilterLog 06-12-2015 22:50:53  INFO  - user ip= 0:0:0:0:0:0:0:1 requested resource /Febos2/js/buy_button.js from Product.jsp
filters.FilterLog 06-12-2015 22:50:53  INFO  - user ip= 0:0:0:0:0:0:0:1 requested resource /Febos2/js/auth.js from Product.jsp
filters.FilterLog 06-12-2015 22:50:53  INFO  - user ip= 0:0:0:0:0:0:0:1 requested resource /Febos2/style/fonts/franklin-gothic-demi-cond.ttf from Product.jsp
filters.FilterLog 06-12-2015 22:50:53  INFO  - user ip= 0:0:0:0:0:0:0:1 requested resource /Febos2/style/img/point.gif from Product.jsp
filters.FilterLog 06-12-2015 22:51:01  INFO  - user ip= 0:0:0:0:0:0:0:1 requested resource /Febos2/AddItemServlet from Product.jsp?add=5&count=1
ui.AddItemServlet 06-12-2015 22:51:01  INFO  - added product in cart id=5 count=1
filters.FilterLog 06-12-2015 22:51:03  INFO  - user ip= 0:0:0:0:0:0:0:1 requested resource /Febos2/AddItemServlet from Product.jsp?add=5&count=1
ui.AddItemServlet 06-12-2015 22:51:03  INFO  - added product in cart id=5 count=1
filters.FilterLog 06-12-2015 22:51:24  INFO  - user ip= 0:0:0:0:0:0:0:1 requested resource /Febos2/Product.jsp from Product.jsp?lang=ru&id=5
filters.FilterLog 06-12-2015 22:51:24  INFO  - user ip= 0:0:0:0:0:0:0:1 requested resource /Febos2/style/main.css from Product.jsp
filters.FilterLog 06-12-2015 22:51:24  INFO  - user ip= 0:0:0:0:0:0:0:1 requested resource /Febos2/style/hat.css from Product.jsp
filters.FilterLog 06-12-2015 22:51:24  INFO  - user ip= 0:0:0:0:0:0:0:1 requested resource /Febos2/js/auth.js from Product.jsp
filters.FilterLog 06-12-2015 22:51:24  INFO  - user ip= 0:0:0:0:0:0:0:1 requested resource /Febos2/js/buy_button.js from Product.jsp
filters.FilterLog 06-12-2015 22:51:24  INFO  - user ip= 0:0:0:0:0:0:0:1 requested resource /Febos2/js/main.js from Product.jsp
filters.FilterLog 06-12-2015 22:51:24  INFO  - user ip= 0:0:0:0:0:0:0:1 requested resource /Febos2/style/fonts/franklin-gothic-demi-cond.ttf from Product.jsp
filters.FilterLog 06-12-2015 22:51:24  INFO  - user ip= 0:0:0:0:0:0:0:1 requested resource /Febos2/style/fonts/franklin-gothic-demi-cond.ttf from Product.jsp
filters.FilterLog 06-12-2015 22:51:24  INFO  - user ip= 0:0:0:0:0:0:0:1 requested resource /Febos2/js/auth.js from Product.jsp
filters.FilterLog 06-12-2015 22:51:24  INFO  - user ip= 0:0:0:0:0:0:0:1 requested resource /Febos2/style/img/point.gif from Product.jsp
filters.FilterLog 06-12-2015 22:51:36  INFO  - user ip= 0:0:0:0:0:0:0:1 requested resource /Febos2/Product.jsp from Product.jsp?lang=ru&id=5
filters.FilterLog 06-12-2015 22:51:36  INFO  - user ip= 0:0:0:0:0:0:0:1 requested resource /Febos2/style/hat.css from Product.jsp
filters.FilterLog 06-12-2015 22:51:36  INFO  - user ip= 0:0:0:0:0:0:0:1 requested resource /Febos2/style/main.css from Product.jsp
filters.FilterLog 06-12-2015 22:51:36  INFO  - user ip= 0:0:0:0:0:0:0:1 requested resource /Febos2/style/fonts/franklin-gothic-demi-cond.ttf from Product.jsp
filters.FilterLog 06-12-2015 22:51:36  INFO  - user ip= 0:0:0:0:0:0:0:1 requested resource /Febos2/js/buy_button.js from Product.jsp
filters.FilterLog 06-12-2015 22:51:36  INFO  - user ip= 0:0:0:0:0:0:0:1 requested resource /Febos2/js/auth.js from Product.jsp
filters.FilterLog 06-12-2015 22:51:36  INFO  - user ip= 0:0:0:0:0:0:0:1 requested resource /Febos2/js/main.js from Product.jsp
filters.FilterLog 06-12-2015 22:51:36  INFO  - user ip= 0:0:0:0:0:0:0:1 requested resource /Febos2/style/fonts/franklin-gothic-demi-cond.ttf from Product.jsp
filters.FilterLog 06-12-2015 22:51:36  INFO  - user ip= 0:0:0:0:0:0:0:1 requested resource /Febos2/js/auth.js from Product.jsp
filters.FilterLog 06-12-2015 22:51:37  INFO  - user ip= 0:0:0:0:0:0:0:1 requested resource /Febos2/style/img/point.gif from Product.jsp
filters.FilterLog 06-12-2015 22:52:32  INFO  - user ip= 0:0:0:0:0:0:0:1 requested resource /Febos2/Main.jsp from Product.jsp?lang=ru
filters.FilterLog 06-12-2015 22:52:33  INFO  - user ip= 0:0:0:0:0:0:0:1 requested resource /Febos2/style/main.css from Main.jsp
filters.FilterLog 06-12-2015 22:53:29  INFO  - user ip= 0:0:0:0:0:0:0:1 requested resource /Febos2/SignOutServlet from Main.jsp
ui.SignOutServlet 06-12-2015 22:53:29  INFO  -  user sing out
filters.FilterLog 06-12-2015 22:53:29  INFO  - user ip= 0:0:0:0:0:0:0:1 requested resource /Febos2/style/main.css from Product.jsp
filters.FilterLog 06-12-2015 22:53:35  INFO  - user ip= 0:0:0:0:0:0:0:1 requested resource /Febos2/Main.jsp from Product.jsp?lang=ru
filters.FilterLog 06-12-2015 23:00:04  INFO  - user ip= 0:0:0:0:0:0:0:1 requested resource /Febos2/ListOfProducts.jsp from Main.jsp?lang=ru
filters.FilterLog 06-12-2015 23:00:04  INFO  - user ip= 0:0:0:0:0:0:0:1 requested resource /Febos2/style/hat.css from /Febos2/ListOfProducts.jsp
filters.FilterLog 06-12-2015 23:00:04  INFO  - user ip= 0:0:0:0:0:0:0:1 requested resource /Febos2/masonry.js from /Febos2/ListOfProducts.jsp
filters.FilterLog 06-12-2015 23:00:04  INFO  - user ip= 0:0:0:0:0:0:0:1 requested resource /Febos2/style/main.css from /Febos2/ListOfProducts.jsp
filters.FilterLog 06-12-2015 23:00:23  INFO  - user ip= 0:0:0:0:0:0:0:1 requested resource /Febos2/masonry.js from /Febos2/ListOfProducts.jsp
filters.FilterLog 06-12-2015 23:00:23  INFO  - user ip= 0:0:0:0:0:0:0:1 requested resource /Febos2/masonry.js from /Febos2/ListOfProducts.jsp
filters.FilterLog 06-12-2015 23:00:23  INFO  - user ip= 0:0:0:0:0:0:0:1 requested resource /Febos2/masonry.js from /Febos2/ListOfProducts.jsp
filters.FilterLog 06-12-2015 23:00:23  INFO  - user ip= 0:0:0:0:0:0:0:1 requested resource /Febos2/masonry.js from /Febos2/ListOfProducts.jsp
filters.FilterLog 06-12-2015 23:00:24  INFO  - user ip= 0:0:0:0:0:0:0:1 requested resource /Febos2/masonry.js from /Febos2/ListOfProducts.jsp
filters.FilterLog 06-12-2015 23:00:24  INFO  - user ip= 0:0:0:0:0:0:0:1 requested resource /Febos2/masonry.js from /Febos2/ListOfProducts.jsp
filters.FilterLog 06-12-2015 23:00:24  INFO  - user ip= 0:0:0:0:0:0:0:1 requested resource /Febos2/masonry.js from /Febos2/ListOfProducts.jsp
filters.FilterLog 06-12-2015 23:06:49  INFO  - user ip= 0:0:0:0:0:0:0:1 requested resource /Febos2/Product.jsp from /Febos2/ListOfProducts.jsp?lang=ru&id=5
filters.FilterLog 06-12-2015 23:06:49  INFO  - user ip= 0:0:0:0:0:0:0:1 requested resource /Febos2/style/hat.css from Product.jsp
filters.FilterLog 06-12-2015 23:06:49  INFO  - user ip= 0:0:0:0:0:0:0:1 requested resource /Febos2/style/main.css from Product.jsp
filters.FilterLog 06-12-2015 23:07:02  INFO  - user ip= 0:0:0:0:0:0:0:1 requested resource /Febos2/ListOfProducts.jsp from Product.jsp?lang=ru&genre_filter=Landscape
filters.FilterLog 06-12-2015 23:07:02  INFO  - user ip= 0:0:0:0:0:0:0:1 requested resource /Febos2/masonry.js from /Febos2/ListOfProducts.jsp
filters.FilterLog 06-12-2015 23:07:02  INFO  - user ip= 0:0:0:0:0:0:0:1 requested resource /Febos2/masonry.js from /Febos2/ListOfProducts.jsp
filters.FilterLog 06-12-2015 23:07:02  INFO  - user ip= 0:0:0:0:0:0:0:1 requested resource /Febos2/masonry.js from /Febos2/ListOfProducts.jsp
filters.FilterLog 06-12-2015 23:07:02  INFO  - user ip= 0:0:0:0:0:0:0:1 requested resource /Febos2/masonry.js from /Febos2/ListOfProducts.jsp
filters.FilterLog 06-12-2015 23:15:14  INFO  - user ip= 0:0:0:0:0:0:0:1 requested resource /Febos2/Product.jsp from /Febos2/ListOfProducts.jsp?lang=ru&id=6
filters.FilterLog 06-12-2015 23:15:14  INFO  - user ip= 0:0:0:0:0:0:0:1 requested resource /Febos2/style/hat.css from Product.jsp
filters.FilterLog 06-12-2015 23:15:14  INFO  - user ip= 0:0:0:0:0:0:0:1 requested resource /Febos2/style/main.css from Product.jsp
filters.FilterLog 06-12-2015 23:15:48  INFO  - user ip= 0:0:0:0:0:0:0:1 requested resource /Febos2/Product.jsp from Product.jsp?lang=ru&id=6
filters.FilterLog 06-12-2015 23:15:48  INFO  - user ip= 0:0:0:0:0:0:0:1 requested resource /Febos2/style/main.css from Product.jsp
filters.FilterLog 06-12-2015 23:15:48  INFO  - user ip= 0:0:0:0:0:0:0:1 requested resource /Febos2/style/hat.css from Product.jsp
filters.FilterLog 06-12-2015 23:15:48  INFO  - user ip= 0:0:0:0:0:0:0:1 requested resource /Febos2/js/main.js from Product.jsp
filters.FilterLog 06-12-2015 23:15:48  INFO  - user ip= 0:0:0:0:0:0:0:1 requested resource /Febos2/js/auth.js from Product.jsp
filters.FilterLog 06-12-2015 23:15:48  INFO  - user ip= 0:0:0:0:0:0:0:1 requested resource /Febos2/js/buy_button.js from Product.jsp
filters.FilterLog 06-12-2015 23:15:48  INFO  - user ip= 0:0:0:0:0:0:0:1 requested resource /Febos2/style/fonts/franklin-gothic-demi-cond.ttf from Product.jsp
filters.FilterLog 06-12-2015 23:15:48  INFO  - user ip= 0:0:0:0:0:0:0:1 requested resource /Febos2/style/fonts/franklin-gothic-demi-cond.ttf from Product.jsp
filters.FilterLog 06-12-2015 23:15:48  INFO  - user ip= 0:0:0:0:0:0:0:1 requested resource /Febos2/js/auth.js from Product.jsp
filters.FilterLog 06-12-2015 23:15:48  INFO  - user ip= 0:0:0:0:0:0:0:1 requested resource /Febos2/style/img/point.gif from Product.jsp
filters.FilterLog 06-12-2015 23:15:57  INFO  - user ip= 0:0:0:0:0:0:0:1 requested resource /Febos2/Product.jsp from Product.jsp?lang=ru&id=6
filters.FilterLog 06-12-2015 23:15:57  INFO  - user ip= 0:0:0:0:0:0:0:1 requested resource /Febos2/style/main.css from Product.jsp
filters.FilterLog 06-12-2015 23:15:57  INFO  - user ip= 0:0:0:0:0:0:0:1 requested resource /Febos2/style/hat.css from Product.jsp
filters.FilterLog 06-12-2015 23:15:57  INFO  - user ip= 0:0:0:0:0:0:0:1 requested resource /Febos2/js/auth.js from Product.jsp
filters.FilterLog 06-12-2015 23:15:57  INFO  - user ip= 0:0:0:0:0:0:0:1 requested resource /Febos2/js/main.js from Product.jsp
filters.FilterLog 06-12-2015 23:15:57  INFO  - user ip= 0:0:0:0:0:0:0:1 requested resource /Febos2/js/buy_button.js from Product.jsp
filters.FilterLog 06-12-2015 23:15:57  INFO  - user ip= 0:0:0:0:0:0:0:1 requested resource /Febos2/style/fonts/franklin-gothic-demi-cond.ttf from Product.jsp
filters.FilterLog 06-12-2015 23:15:57  INFO  - user ip= 0:0:0:0:0:0:0:1 requested resource /Febos2/style/fonts/franklin-gothic-demi-cond.ttf from Product.jsp
filters.FilterLog 06-12-2015 23:15:57  INFO  - user ip= 0:0:0:0:0:0:0:1 requested resource /Febos2/js/auth.js from Product.jsp
filters.FilterLog 06-12-2015 23:15:57  INFO  - user ip= 0:0:0:0:0:0:0:1 requested resource /Febos2/style/img/point.gif from Product.jsp
filters.FilterLog 06-12-2015 23:16:09  INFO  - user ip= 0:0:0:0:0:0:0:1 requested resource /Febos2/Product.jsp from Product.jsp?lang=ru&id=6
filters.FilterLog 06-12-2015 23:16:09  INFO  - user ip= 0:0:0:0:0:0:0:1 requested resource /Febos2/style/main.css from Product.jsp
filters.FilterLog 06-12-2015 23:16:09  INFO  - user ip= 0:0:0:0:0:0:0:1 requested resource /Febos2/style/hat.css from Product.jsp
filters.FilterLog 06-12-2015 23:16:09  INFO  - user ip= 0:0:0:0:0:0:0:1 requested resource /Febos2/js/auth.js from Product.jsp
filters.FilterLog 06-12-2015 23:16:09  INFO  - user ip= 0:0:0:0:0:0:0:1 requested resource /Febos2/js/buy_button.js from Product.jsp
filters.FilterLog 06-12-2015 23:16:09  INFO  - user ip= 0:0:0:0:0:0:0:1 requested resource /Febos2/js/main.js from Product.jsp
filters.FilterLog 06-12-2015 23:16:09  INFO  - user ip= 0:0:0:0:0:0:0:1 requested resource /Febos2/style/fonts/franklin-gothic-demi-cond.ttf from Product.jsp
filters.FilterLog 06-12-2015 23:16:09  INFO  - user ip= 0:0:0:0:0:0:0:1 requested resource /Febos2/js/auth.js from Product.jsp
filters.FilterLog 06-12-2015 23:16:09  INFO  - user ip= 0:0:0:0:0:0:0:1 requested resource /Febos2/style/img/point.gif from Product.jsp
filters.FilterLog 06-12-2015 23:16:10  INFO  - user ip= 0:0:0:0:0:0:0:1 requested resource /Febos2/Product.jsp from Product.jsp?lang=ru&id=6
filters.FilterLog 06-12-2015 23:16:10  INFO  - user ip= 0:0:0:0:0:0:0:1 requested resource /Febos2/style/main.css from Product.jsp
filters.FilterLog 06-12-2015 23:16:10  INFO  - user ip= 0:0:0:0:0:0:0:1 requested resource /Febos2/style/hat.css from Product.jsp
filters.FilterLog 06-12-2015 23:16:10  INFO  - user ip= 0:0:0:0:0:0:0:1 requested resource /Febos2/js/auth.js from Product.jsp
filters.FilterLog 06-12-2015 23:16:10  INFO  - user ip= 0:0:0:0:0:0:0:1 requested resource /Febos2/js/buy_button.js from Product.jsp
filters.FilterLog 06-12-2015 23:16:10  INFO  - user ip= 0:0:0:0:0:0:0:1 requested resource /Febos2/js/main.js from Product.jsp
filters.FilterLog 06-12-2015 23:16:10  INFO  - user ip= 0:0:0:0:0:0:0:1 requested resource /Febos2/style/fonts/franklin-gothic-demi-cond.ttf from Product.jsp
filters.FilterLog 06-12-2015 23:16:10  INFO  - user ip= 0:0:0:0:0:0:0:1 requested resource /Febos2/js/auth.js from Product.jsp
filters.FilterLog 06-12-2015 23:16:10  INFO  - user ip= 0:0:0:0:0:0:0:1 requested resource /Febos2/style/fonts/franklin-gothic-demi-cond.ttf from Product.jsp
filters.FilterLog 06-12-2015 23:16:11  INFO  - user ip= 0:0:0:0:0:0:0:1 requested resource /Febos2/style/img/point.gif from Product.jsp
filters.FilterLog 06-12-2015 23:16:19  INFO  - user ip= 0:0:0:0:0:0:0:1 requested resource /Febos2/Product.jsp from Product.jsp?lang=ru&id=6
filters.FilterLog 06-12-2015 23:16:19  INFO  - user ip= 0:0:0:0:0:0:0:1 requested resource /Febos2/style/hat.css from Product.jsp
filters.FilterLog 06-12-2015 23:16:19  INFO  - user ip= 0:0:0:0:0:0:0:1 requested resource /Febos2/style/main.css from Product.jsp
filters.FilterLog 06-12-2015 23:16:19  INFO  - user ip= 0:0:0:0:0:0:0:1 requested resource /Febos2/js/main.js from Product.jsp
filters.FilterLog 06-12-2015 23:16:19  INFO  - user ip= 0:0:0:0:0:0:0:1 requested resource /Febos2/js/auth.js from Product.jsp
filters.FilterLog 06-12-2015 23:16:19  INFO  - user ip= 0:0:0:0:0:0:0:1 requested resource /Febos2/js/buy_button.js from Product.jsp
filters.FilterLog 06-12-2015 23:16:19  INFO  - user ip= 0:0:0:0:0:0:0:1 requested resource /Febos2/style/fonts/franklin-gothic-demi-cond.ttf from Product.jsp
filters.FilterLog 06-12-2015 23:16:19  INFO  - user ip= 0:0:0:0:0:0:0:1 requested resource /Febos2/js/auth.js from Product.jsp
filters.FilterLog 06-12-2015 23:16:19  INFO  - user ip= 0:0:0:0:0:0:0:1 requested resource /Febos2/style/img/point.gif from Product.jsp
filters.FilterLog 06-12-2015 23:19:45  INFO  - user ip= 0:0:0:0:0:0:0:1 requested resource /Febos2/Product.jsp from Product.jsp?lang=ru&id=6
filters.FilterLog 06-12-2015 23:19:45  INFO  - user ip= 0:0:0:0:0:0:0:1 requested resource /Febos2/style/main.css from Product.jsp
filters.FilterLog 06-12-2015 23:19:45  INFO  - user ip= 0:0:0:0:0:0:0:1 requested resource /Febos2/style/hat.css from Product.jsp
filters.FilterLog 06-12-2015 23:19:45  INFO  - user ip= 0:0:0:0:0:0:0:1 requested resource /Febos2/js/buy_button.js from Product.jsp
filters.FilterLog 06-12-2015 23:19:45  INFO  - user ip= 0:0:0:0:0:0:0:1 requested resource /Febos2/style/fonts/franklin-gothic-demi-cond.ttf from Product.jsp
filters.FilterLog 06-12-2015 23:19:45  INFO  - user ip= 0:0:0:0:0:0:0:1 requested resource /Febos2/js/main.js from Product.jsp
filters.FilterLog 06-12-2015 23:19:45  INFO  - user ip= 0:0:0:0:0:0:0:1 requested resource /Febos2/js/auth.js from Product.jsp
filters.FilterLog 06-12-2015 23:19:45  INFO  - user ip= 0:0:0:0:0:0:0:1 requested resource /Febos2/js/auth.js from Product.jsp
filters.FilterLog 06-12-2015 23:19:45  INFO  - user ip= 0:0:0:0:0:0:0:1 requested resource /Febos2/style/fonts/franklin-gothic-demi-cond.ttf from Product.jsp
filters.FilterLog 06-12-2015 23:19:45  INFO  - user ip= 0:0:0:0:0:0:0:1 requested resource /Febos2/style/img/point.gif from Product.jsp
filters.FilterLog 06-12-2015 23:19:52  INFO  - user ip= 0:0:0:0:0:0:0:1 requested resource /Febos2/Product.jsp from Product.jsp?lang=ru&id=6
filters.FilterLog 06-12-2015 23:19:52  INFO  - user ip= 0:0:0:0:0:0:0:1 requested resource /Febos2/style/hat.css from Product.jsp
filters.FilterLog 06-12-2015 23:19:52  INFO  - user ip= 0:0:0:0:0:0:0:1 requested resource /Febos2/style/main.css from Product.jsp
filters.FilterLog 06-12-2015 23:19:52  INFO  - user ip= 0:0:0:0:0:0:0:1 requested resource /Febos2/js/auth.js from Product.jsp
filters.FilterLog 06-12-2015 23:19:52  INFO  - user ip= 0:0:0:0:0:0:0:1 requested resource /Febos2/js/main.js from Product.jsp
filters.FilterLog 06-12-2015 23:19:52  INFO  - user ip= 0:0:0:0:0:0:0:1 requested resource /Febos2/js/buy_button.js from Product.jsp
filters.FilterLog 06-12-2015 23:19:52  INFO  - user ip= 0:0:0:0:0:0:0:1 requested resource /Febos2/style/fonts/franklin-gothic-demi-cond.ttf from Product.jsp
filters.FilterLog 06-12-2015 23:19:52  INFO  - user ip= 0:0:0:0:0:0:0:1 requested resource /Febos2/style/fonts/franklin-gothic-demi-cond.ttf from Product.jsp
filters.FilterLog 06-12-2015 23:19:52  INFO  - user ip= 0:0:0:0:0:0:0:1 requested resource /Febos2/js/auth.js from Product.jsp
filters.FilterLog 06-12-2015 23:19:53  INFO  - user ip= 0:0:0:0:0:0:0:1 requested resource /Febos2/style/img/point.gif from Product.jsp
filters.FilterLog 06-12-2015 23:24:35  INFO  - user ip= 0:0:0:0:0:0:0:1 requested resource /Febos2/Product.jsp from Product.jsp?lang=ru&id=6
filters.FilterLog 06-12-2015 23:24:36  INFO  - user ip= 0:0:0:0:0:0:0:1 requested resource /Febos2/style/main.css from Product.jsp
filters.FilterLog 06-12-2015 23:24:36  INFO  - user ip= 0:0:0:0:0:0:0:1 requested resource /Febos2/style/hat.css from Product.jsp
filters.FilterLog 06-12-2015 23:24:36  INFO  - user ip= 0:0:0:0:0:0:0:1 requested resource /Febos2/js/auth.js from Product.jsp
filters.FilterLog 06-12-2015 23:24:36  INFO  - user ip= 0:0:0:0:0:0:0:1 requested resource /Febos2/js/buy_button.js from Product.jsp
filters.FilterLog 06-12-2015 23:24:36  INFO  - user ip= 0:0:0:0:0:0:0:1 requested resource /Febos2/js/main.js from Product.jsp
filters.FilterLog 06-12-2015 23:24:36  INFO  - user ip= 0:0:0:0:0:0:0:1 requested resource /Febos2/style/fonts/franklin-gothic-demi-cond.ttf from Product.jsp
filters.FilterLog 06-12-2015 23:24:36  INFO  - user ip= 0:0:0:0:0:0:0:1 requested resource /Febos2/style/fonts/franklin-gothic-demi-cond.ttf from Product.jsp
filters.FilterLog 06-12-2015 23:24:36  INFO  - user ip= 0:0:0:0:0:0:0:1 requested resource /Febos2/js/auth.js from Product.jsp
filters.FilterLog 06-12-2015 23:24:36  INFO  - user ip= 0:0:0:0:0:0:0:1 requested resource /Febos2/style/img/point.gif from Product.jsp
filters.FilterLog 06-12-2015 23:31:34  INFO  - user ip= 0:0:0:0:0:0:0:1 requested resource /Febos2/DaoWorker from Product.jsp?work=auth&login=%D0%BE%D0%BE
ui.DaoWorkerServlet 06-12-2015 23:31:34  INFO  - authorized user with login=
filters.FilterLog 06-12-2015 23:31:35  INFO  - user ip= 0:0:0:0:0:0:0:1 requested resource /Febos2/style/main.css from Product.jsp
filters.FilterLog 06-12-2015 23:32:17  INFO  - user ip= 0:0:0:0:0:0:0:1 requested resource /Febos2/DaoWorker from Product.jsp?work=auth&login=tomcat
ui.DaoWorkerServlet 06-12-2015 23:32:17  INFO  - authorized user with login=tomcat
filters.FilterLog 06-12-2015 23:32:17  INFO  - user ip= 0:0:0:0:0:0:0:1 requested resource /Febos2/PersonalServlet from Product.jsp?lang=ru
ui.PersonalServlet 06-12-2015 23:32:18  INFO  - requested information about  purchases of user with user id=1
ui.PersonalServlet 06-12-2015 23:32:18  INFO  - requested information about comments of user with user id=1
filters.FilterLog 06-12-2015 23:32:18  INFO  - user ip= 0:0:0:0:0:0:0:1 requested resource /Febos2/style/profile.css from Profile.jsp
filters.FilterLog 06-12-2015 23:32:18  INFO  - user ip= 0:0:0:0:0:0:0:1 requested resource /Febos2/js/profile.js from Profile.jsp
filters.FilterLog 06-12-2015 23:32:18  INFO  - user ip= 0:0:0:0:0:0:0:1 requested resource /Febos2/js/data.js from Profile.jsp
filters.FilterLog 06-12-2015 23:32:18  INFO  - user ip= 0:0:0:0:0:0:0:1 requested resource /Febos2/style/img/panda.jpg from Profile.jsp
filters.FilterLog 06-12-2015 23:32:23  INFO  - user ip= 0:0:0:0:0:0:0:1 requested resource /Febos2/PersonalServlet from Profile.jsp?lang=ru
ui.PersonalServlet 06-12-2015 23:32:24  INFO  - requested information about  purchases of user with user id=1
ui.PersonalServlet 06-12-2015 23:32:24  INFO  - requested information about comments of user with user id=1
filters.FilterLog 06-12-2015 23:32:28  INFO  - user ip= 0:0:0:0:0:0:0:1 requested resource /Febos2/SignOutServlet from Profile.jsp
ui.SignOutServlet 06-12-2015 23:32:28  INFO  -  user sing out
filters.FilterLog 06-12-2015 23:34:49  INFO  - user ip= 0:0:0:0:0:0:0:1 requested resource /Febos2/DaoWorker from Product.jsp?work=auth&login=tomcat
ui.DaoWorkerServlet 06-12-2015 23:34:49  INFO  - authorized user with login=tomcat
filters.FilterLog 06-12-2015 23:34:49  INFO  - user ip= 0:0:0:0:0:0:0:1 requested resource /Febos2/PersonalServlet from Product.jsp?lang=ru
ui.PersonalServlet 06-12-2015 23:34:50  INFO  - requested information about  purchases of user with user id=1
ui.PersonalServlet 06-12-2015 23:34:50  INFO  - requested information about comments of user with user id=1
filters.FilterLog 06-12-2015 23:34:50  INFO  - user ip= 0:0:0:0:0:0:0:1 requested resource /Febos2/style/hat.css from Profile.jsp
filters.FilterLog 06-12-2015 23:37:38  INFO  - user ip= 0:0:0:0:0:0:0:1 requested resource /Febos2/PersonalServlet from Profile.jsp?lang=ru
ui.PersonalServlet 06-12-2015 23:37:39  INFO  - requested information about  purchases of user with user id=1
ui.PersonalServlet 06-12-2015 23:37:39  INFO  - requested information about comments of user with user id=1
filters.FilterLog 06-12-2015 23:37:39  INFO  - user ip= 0:0:0:0:0:0:0:1 requested resource /Febos2/js/main.js from Profile.jsp
filters.FilterLog 06-12-2015 23:37:39  INFO  - user ip= 0:0:0:0:0:0:0:1 requested resource /Febos2/style/main.css from Profile.jsp
filters.FilterLog 06-12-2015 23:37:39  INFO  - user ip= 0:0:0:0:0:0:0:1 requested resource /Febos2/js/auth.js from Profile.jsp
filters.FilterLog 06-12-2015 23:37:39  INFO  - user ip= 0:0:0:0:0:0:0:1 requested resource /Febos2/style/profile.css from Profile.jsp
filters.FilterLog 06-12-2015 23:37:39  INFO  - user ip= 0:0:0:0:0:0:0:1 requested resource /Febos2/js/data.js from Profile.jsp
filters.FilterLog 06-12-2015 23:37:39  INFO  - user ip= 0:0:0:0:0:0:0:1 requested resource /Febos2/js/profile.js from Profile.jsp
filters.FilterLog 06-12-2015 23:37:39  INFO  - user ip= 0:0:0:0:0:0:0:1 requested resource /Febos2/style/fonts/franklin-gothic-demi-cond.ttf from Profile.jsp
filters.FilterLog 06-12-2015 23:37:39  INFO  - user ip= 0:0:0:0:0:0:0:1 requested resource /Febos2/style/hat.css from Profile.jsp
filters.FilterLog 06-12-2015 23:37:42  INFO  - user ip= 0:0:0:0:0:0:0:1 requested resource /Febos2/js/auth.js from Profile.jsp
filters.FilterLog 06-12-2015 23:37:42  INFO  - user ip= 0:0:0:0:0:0:0:1 requested resource /Febos2/style/fonts/franklin-gothic-demi-cond.ttf from Profile.jsp
filters.FilterLog 06-12-2015 23:37:42  INFO  - user ip= 0:0:0:0:0:0:0:1 requested resource /Febos2/style/img/panda.jpg from Profile.jsp
filters.FilterLog 06-12-2015 23:39:00  INFO  - user ip= 0:0:0:0:0:0:0:1 requested resource /Febos2/DaoWorker from Profile.jsp
ui.DaoWorkerServlet 06-12-2015 23:39:00  INFO  - norm
ui.DaoWorkerServlet 06-12-2015 23:39:00  INFO  - norm
ui.DaoWorkerServlet 06-12-2015 23:39:00  INFO  - added new comment about shop comment=  
filters.FilterLog 06-12-2015 23:46:40  INFO  - user ip= 0:0:0:0:0:0:0:1 requested resource /Febos2/Cart.jsp from Profile.jsp?lang=ru
filters.FilterLog 06-12-2015 23:46:40  INFO  - user ip= 0:0:0:0:0:0:0:1 requested resource /Febos2/style/main.css from Cart.jsp
filters.FilterLog 06-12-2015 23:46:40  INFO  - user ip= 0:0:0:0:0:0:0:1 requested resource /Febos2/masonry.js from Cart.jsp
filters.FilterLog 06-12-2015 23:46:40  INFO  - user ip= 0:0:0:0:0:0:0:1 requested resource /Febos2/style/cart.css from Cart.jsp
filters.FilterLog 06-12-2015 23:46:40  INFO  - user ip= 0:0:0:0:0:0:0:1 requested resource /Febos2/masonry.js from Cart.jsp
filters.FilterLog 06-12-2015 23:46:42  INFO  - user ip= 0:0:0:0:0:0:0:1 requested resource /Febos2/ListOfProducts.jsp from Cart.jsp?lang=ru
filters.FilterLog 06-12-2015 23:46:42  INFO  - user ip= 0:0:0:0:0:0:0:1 requested resource /Febos2/masonry.js from /Febos2/ListOfProducts.jsp
filters.FilterLog 06-12-2015 23:46:42  INFO  - user ip= 0:0:0:0:0:0:0:1 requested resource /Febos2/masonry.js from /Febos2/ListOfProducts.jsp
filters.FilterLog 06-12-2015 23:46:42  INFO  - user ip= 0:0:0:0:0:0:0:1 requested resource /Febos2/masonry.js from /Febos2/ListOfProducts.jsp
filters.FilterLog 06-12-2015 23:46:42  INFO  - user ip= 0:0:0:0:0:0:0:1 requested resource /Febos2/masonry.js from /Febos2/ListOfProducts.jsp
filters.FilterLog 06-12-2015 23:46:42  INFO  - user ip= 0:0:0:0:0:0:0:1 requested resource /Febos2/masonry.js from /Febos2/ListOfProducts.jsp
filters.FilterLog 06-12-2015 23:46:42  INFO  - user ip= 0:0:0:0:0:0:0:1 requested resource /Febos2/masonry.js from /Febos2/ListOfProducts.jsp
filters.FilterLog 06-12-2015 23:46:42  INFO  - user ip= 0:0:0:0:0:0:0:1 requested resource /Febos2/masonry.js from /Febos2/ListOfProducts.jsp
filters.FilterLog 06-12-2015 23:46:42  INFO  - user ip= 0:0:0:0:0:0:0:1 requested resource /Febos2/masonry.js from /Febos2/ListOfProducts.jsp
filters.FilterLog 06-12-2015 23:46:43  INFO  - user ip= 0:0:0:0:0:0:0:1 requested resource /Febos2/Product.jsp from /Febos2/ListOfProducts.jsp?lang=ru&id=5
filters.FilterLog 06-12-2015 23:46:45  INFO  - user ip= 0:0:0:0:0:0:0:1 requested resource /Febos2/Cart.jsp from Product.jsp?lang=ru
filters.FilterLog 06-12-2015 23:46:45  INFO  - user ip= 0:0:0:0:0:0:0:1 requested resource /Febos2/masonry.js from Cart.jsp
filters.FilterLog 06-12-2015 23:46:49  INFO  - user ip= 0:0:0:0:0:0:0:1 requested resource /Febos2/ListOfProducts.jsp from Cart.jsp?lang=ru
filters.FilterLog 06-12-2015 23:46:50  INFO  - user ip= 0:0:0:0:0:0:0:1 requested resource /Febos2/masonry.js from /Febos2/ListOfProducts.jsp
filters.FilterLog 06-12-2015 23:46:50  INFO  - user ip= 0:0:0:0:0:0:0:1 requested resource /Febos2/masonry.js from /Febos2/ListOfProducts.jsp
filters.FilterLog 06-12-2015 23:46:50  INFO  - user ip= 0:0:0:0:0:0:0:1 requested resource /Febos2/masonry.js from /Febos2/ListOfProducts.jsp
filters.FilterLog 06-12-2015 23:46:50  INFO  - user ip= 0:0:0:0:0:0:0:1 requested resource /Febos2/masonry.js from /Febos2/ListOfProducts.jsp
filters.FilterLog 06-12-2015 23:46:50  INFO  - user ip= 0:0:0:0:0:0:0:1 requested resource /Febos2/masonry.js from /Febos2/ListOfProducts.jsp
filters.FilterLog 06-12-2015 23:46:50  INFO  - user ip= 0:0:0:0:0:0:0:1 requested resource /Febos2/masonry.js from /Febos2/ListOfProducts.jsp
filters.FilterLog 06-12-2015 23:46:50  INFO  - user ip= 0:0:0:0:0:0:0:1 requested resource /Febos2/masonry.js from /Febos2/ListOfProducts.jsp
filters.FilterLog 06-12-2015 23:46:50  INFO  - user ip= 0:0:0:0:0:0:0:1 requested resource /Febos2/masonry.js from /Febos2/ListOfProducts.jsp
filters.FilterLog 06-12-2015 23:46:52  INFO  - user ip= 0:0:0:0:0:0:0:1 requested resource /Febos2/Cart.jsp from /Febos2/ListOfProducts.jsp?lang=ru
filters.FilterLog 06-12-2015 23:46:52  INFO  - user ip= 0:0:0:0:0:0:0:1 requested resource /Febos2/masonry.js from Cart.jsp
filters.FilterLog 06-12-2015 23:46:54  INFO  - user ip= 0:0:0:0:0:0:0:1 requested resource /Febos2/ListOfProducts.jsp from Cart.jsp?lang=ru
filters.FilterLog 06-12-2015 23:46:54  INFO  - user ip= 0:0:0:0:0:0:0:1 requested resource /Febos2/masonry.js from /Febos2/ListOfProducts.jsp
filters.FilterLog 06-12-2015 23:46:54  INFO  - user ip= 0:0:0:0:0:0:0:1 requested resource /Febos2/masonry.js from /Febos2/ListOfProducts.jsp
filters.FilterLog 06-12-2015 23:46:54  INFO  - user ip= 0:0:0:0:0:0:0:1 requested resource /Febos2/masonry.js from /Febos2/ListOfProducts.jsp
filters.FilterLog 06-12-2015 23:46:54  INFO  - user ip= 0:0:0:0:0:0:0:1 requested resource /Febos2/masonry.js from /Febos2/ListOfProducts.jsp
filters.FilterLog 06-12-2015 23:46:54  INFO  - user ip= 0:0:0:0:0:0:0:1 requested resource /Febos2/masonry.js from /Febos2/ListOfProducts.jsp
filters.FilterLog 06-12-2015 23:46:54  INFO  - user ip= 0:0:0:0:0:0:0:1 requested resource /Febos2/masonry.js from /Febos2/ListOfProducts.jsp
filters.FilterLog 06-12-2015 23:46:54  INFO  - user ip= 0:0:0:0:0:0:0:1 requested resource /Febos2/masonry.js from /Febos2/ListOfProducts.jsp
filters.FilterLog 06-12-2015 23:46:54  INFO  - user ip= 0:0:0:0:0:0:0:1 requested resource /Febos2/masonry.js from /Febos2/ListOfProducts.jsp
filters.FilterLog 06-12-2015 23:46:55  INFO  - user ip= 0:0:0:0:0:0:0:1 requested resource /Febos2/Product.jsp from /Febos2/ListOfProducts.jsp?lang=ru&id=5
filters.FilterLog 06-12-2015 23:46:56  INFO  - user ip= 0:0:0:0:0:0:0:1 requested resource /Febos2/AddItemServlet from Product.jsp?add=5&count=1
ui.AddItemServlet 06-12-2015 23:46:56  INFO  - added product in cart id=5 count=1
filters.FilterLog 06-12-2015 23:46:56  INFO  - user ip= 0:0:0:0:0:0:0:1 requested resource /Febos2/Cart.jsp from Product.jsp?lang=ru
filters.FilterLog 06-12-2015 23:46:57  INFO  - user ip= 0:0:0:0:0:0:0:1 requested resource /Febos2/masonry.js from Cart.jsp
filters.FilterLog 06-12-2015 23:46:57  INFO  - user ip= 0:0:0:0:0:0:0:1 requested resource /Febos2/masonry.js from Cart.jsp
filters.FilterLog 06-12-2015 23:56:51  INFO  - user ip= 0:0:0:0:0:0:0:1 requested resource /Febos2/CheckoutServlet from Cart.jsp?lang=ru
ui.CheckoutServlet 06-12-2015 23:56:51  INFO  - added information about shops from DB in cookie
filters.FilterLog 06-12-2015 23:56:51  INFO  - user ip= 0:0:0:0:0:0:0:1 requested resource /Febos2/masonry.js from Checkout.jsp
filters.FilterLog 06-12-2015 23:56:51  INFO  - user ip= 0:0:0:0:0:0:0:1 requested resource /Febos2/style/main.css from Checkout.jsp
filters.FilterLog 06-12-2015 23:56:51  INFO  - user ip= 0:0:0:0:0:0:0:1 requested resource /Febos2/style/checkout.css from Checkout.jsp
filters.FilterLog 06-12-2015 23:56:51  INFO  - user ip= 0:0:0:0:0:0:0:1 requested resource /Febos2/style/hat.css from Checkout.jsp
filters.FilterLog 06-12-2015 23:56:54  INFO  - user ip= 0:0:0:0:0:0:0:1 requested resource /Febos2/masonry.js from Checkout.jsp
filters.FilterLog 06-12-2015 23:56:55  INFO  - user ip= 0:0:0:0:0:0:0:1 requested resource /Febos2/masonry.js from Checkout.jsp
filters.FilterLog 07-12-2015 00:05:19  INFO  - user ip= 0:0:0:0:0:0:0:1 requested resource /Febos2/CheckoutServlet from Checkout.jsp?lang=ru
ui.CheckoutServlet 07-12-2015 00:05:19  INFO  - added information about shops from DB in cookie
filters.FilterLog 07-12-2015 00:05:19  INFO  - user ip= 0:0:0:0:0:0:0:1 requested resource /Febos2/masonry.js from Checkout.jsp
filters.FilterLog 07-12-2015 00:05:19  INFO  - user ip= 0:0:0:0:0:0:0:1 requested resource /Febos2/js/cart.js from Checkout.jsp
filters.FilterLog 07-12-2015 00:05:19  INFO  - user ip= 0:0:0:0:0:0:0:1 requested resource /Febos2/js/checkout.js from Checkout.jsp
filters.FilterLog 07-12-2015 00:05:19  INFO  - user ip= 0:0:0:0:0:0:0:1 requested resource /Febos2/style/fonts/franklin-gothic-demi-cond.ttf from Checkout.jsp
filters.FilterLog 07-12-2015 00:05:19  INFO  - user ip= 0:0:0:0:0:0:0:1 requested resource /Febos2/js/map.js from Checkout.jsp
filters.FilterLog 07-12-2015 00:05:19  INFO  - user ip= 0:0:0:0:0:0:0:1 requested resource /Febos2/style/checkout.css from Checkout.jsp
filters.FilterLog 07-12-2015 00:05:20  INFO  - user ip= 0:0:0:0:0:0:0:1 requested resource /Febos2/style/hat.css from Checkout.jsp
filters.FilterLog 07-12-2015 00:05:20  INFO  - user ip= 0:0:0:0:0:0:0:1 requested resource /Febos2/js/auth.js from Checkout.jsp
filters.FilterLog 07-12-2015 00:05:20  INFO  - user ip= 0:0:0:0:0:0:0:1 requested resource /Febos2/style/main.css from Checkout.jsp
filters.FilterLog 07-12-2015 00:05:20  INFO  - user ip= 0:0:0:0:0:0:0:1 requested resource /Febos2/masonry.js from Checkout.jsp
filters.FilterLog 07-12-2015 00:05:20  INFO  - user ip= 0:0:0:0:0:0:0:1 requested resource /Febos2/style/fonts/franklin-gothic-demi-cond.ttf from Checkout.jsp
filters.FilterLog 07-12-2015 00:05:20  INFO  - user ip= 0:0:0:0:0:0:0:1 requested resource /Febos2/masonry.js from Checkout.jsp
filters.FilterLog 07-12-2015 00:16:23  INFO  - user ip= 0:0:0:0:0:0:0:1 requested resource /Febos2/DaoWorker from Checkout.jsp?work=buy&user=1&shop=4
ui.DaoWorkerServlet 07-12-2015 00:16:23  INFO  - bought items from the cart
filters.FilterLog 07-12-2015 00:20:42  INFO  - user ip= 0:0:0:0:0:0:0:1 requested resource /Febos2/ListOfProducts.jsp from Checkout.jsp?lang=ru
filters.FilterLog 07-12-2015 00:20:42  INFO  - user ip= 0:0:0:0:0:0:0:1 requested resource /Febos2/style/hat.css from /Febos2/ListOfProducts.jsp
filters.FilterLog 07-12-2015 00:20:42  INFO  - user ip= 0:0:0:0:0:0:0:1 requested resource /Febos2/masonry.js from /Febos2/ListOfProducts.jsp
filters.FilterLog 07-12-2015 00:20:42  INFO  - user ip= 0:0:0:0:0:0:0:1 requested resource /Febos2/style/main.css from /Febos2/ListOfProducts.jsp
filters.FilterLog 07-12-2015 00:20:42  INFO  - user ip= 0:0:0:0:0:0:0:1 requested resource /Febos2/js/main.js from /Febos2/ListOfProducts.jsp
filters.FilterLog 07-12-2015 00:20:42  INFO  - user ip= 0:0:0:0:0:0:0:1 requested resource /Febos2/masonry.js from /Febos2/ListOfProducts.jsp
filters.FilterLog 07-12-2015 00:20:42  INFO  - user ip= 0:0:0:0:0:0:0:1 requested resource /Febos2/masonry.js from /Febos2/ListOfProducts.jsp
filters.FilterLog 07-12-2015 00:20:42  INFO  - user ip= 0:0:0:0:0:0:0:1 requested resource /Febos2/masonry.js from /Febos2/ListOfProducts.jsp
filters.FilterLog 07-12-2015 00:20:42  INFO  - user ip= 0:0:0:0:0:0:0:1 requested resource /Febos2/masonry.js from /Febos2/ListOfProducts.jsp
filters.FilterLog 07-12-2015 00:20:42  INFO  - user ip= 0:0:0:0:0:0:0:1 requested resource /Febos2/masonry.js from /Febos2/ListOfProducts.jsp
filters.FilterLog 07-12-2015 00:20:42  INFO  - user ip= 0:0:0:0:0:0:0:1 requested resource /Febos2/masonry.js from /Febos2/ListOfProducts.jsp
filters.FilterLog 07-12-2015 00:20:42  INFO  - user ip= 0:0:0:0:0:0:0:1 requested resource /Febos2/masonry.js from /Febos2/ListOfProducts.jsp
